2025-01-23 22:28:59,354 - DEBUG - Processed 29 lines.
2025-01-23 22:28:59,355 - DEBUG - Processed 459 lines.
2025-01-23 22:28:59,358 - DEBUG - Homography Matrix M: [[ 3.87809621e+00  4.09865380e+01 -7.70832142e+03]
 [-4.64892710e-04 -4.83915091e-04 -6.06071783e-01]
 [-1.35695406e-04  4.22225475e-04  6.28447281e-01]]
2025-01-23 22:28:59,358 - DEBUG - Mask: [[1]
 [1]
 [1]
 [1]
 [1]
 [1]
 [0]
 [1]
 [1]
 [1]
 [0]
 [1]]
2025-01-23 22:28:59,358 - DEBUG - Feature 0: mask=[1], p1=[582. 296.], pp2=[526.06273988 296.09068978], distance=55.937333638895296
2025-01-23 22:28:59,359 - DEBUG - Feature 1: mask=[1], p1=[402. 301.], pp2=[413.91554861 305.52159334], distance=12.744610823874345
2025-01-23 22:28:59,359 - DEBUG - Feature 2: mask=[1], p1=[272. 314.], pp2=[297.73128686 321.49556153], distance=26.80079413602887
2025-01-23 22:28:59,359 - DEBUG - Feature 3: mask=[1], p1=[1440.  467.], pp2=[1423.82646098  497.35581802], distance=34.39562547870447
2025-01-23 22:28:59,360 - DEBUG - Feature 4: mask=[1], p1=[965. 296.], pp2=[962.32828386 258.54062753], distance=37.554529063490335
2025-01-23 22:28:59,360 - DEBUG - Feature 5: mask=[1], p1=[666. 265.], pp2=[736.14690891 268.37272208], distance=70.2279437498725
2025-01-23 22:28:59,360 - DEBUG - Feature 6: mask=[0], p1=[392. 283.], pp2=[473.98751345 292.9064499 ], distance=82.58383686712055
2025-01-23 22:28:59,361 - DEBUG - Feature 7: mask=[1], p1=[1583.  319.], pp2=[1570.27416808  330.09651491], distance=16.88429570354542
2025-01-23 22:28:59,361 - DEBUG - Feature 8: mask=[1], p1=[729. 606.], pp2=[703.40588346 635.83080701], distance=39.305671962400076
2025-01-23 22:28:59,361 - DEBUG - Feature 9: mask=[1], p1=[169. 696.], pp2=[146.3279517  656.19408365], distance=45.8097451500897
2025-01-23 22:28:59,361 - DEBUG - Feature 10: mask=[0], p1=[1804.  672.], pp2=[2021.9331909   691.55508701], distance=218.80876838681814
2025-01-23 22:28:59,362 - DEBUG - Feature 11: mask=[1], p1=[885. 824.], pp2=[923.97468878 810.97944447], distance=41.0921066864357
2025-01-23 22:28:59,362 - DEBUG - Unnoted Feature 0: symbol=143, pp2=[ 76.31896641 443.22474487]
2025-01-23 22:28:59,362 - DEBUG - Unnoted Feature 1: symbol=147, pp2=[196.20007457 512.47290845]
2025-01-23 22:28:59,362 - DEBUG - Unnoted Feature 10: symbol=193, pp2=[257.72882485 583.41498434]
2025-01-23 22:28:59,362 - DEBUG - Unnoted Feature 11: symbol=195, pp2=[316.64672526 598.20496556]
2025-01-23 22:28:59,362 - DEBUG - Unnoted Feature 13: symbol=257, pp2=[-779.21087894  750.39630333]
2025-01-23 22:28:59,363 - DEBUG - Unnoted Feature 14: symbol=260, pp2=[-1016.6265377    842.77970896]
2025-01-23 22:28:59,363 - DEBUG - Unnoted Feature 15: symbol=261, pp2=[-150.92492784  571.18327129]
2025-01-23 22:28:59,363 - DEBUG - Unnoted Feature 16: symbol=272, pp2=[-300.3191749  721.5256639]
2025-01-23 22:28:59,363 - DEBUG - Unnoted Feature 19: symbol=311, pp2=[3364.27484907  634.9125038 ]
2025-01-23 22:28:59,363 - DEBUG - Unnoted Feature 20: symbol=312, pp2=[4215.07504168  594.26904947]
2025-01-23 22:28:59,363 - DEBUG - Unnoted Feature 21: symbol=315, pp2=[6346.16094682  420.35334879]
2025-01-23 22:28:59,363 - DEBUG - Unnoted Feature 22: symbol=316, pp2=[64176.82215409 -1491.13824144]
2025-01-23 22:28:59,364 - DEBUG - Unnoted Feature 24: symbol=341, pp2=[ -88.56381362 1889.98675037]
2025-01-23 22:28:59,364 - DEBUG - Unnoted Feature 25: symbol=404, pp2=[-161.58273108  965.03407531]
2025-01-23 22:28:59,364 - DEBUG - Unnoted Feature 26: symbol=G, pp2=[159.92320935 574.08218878]
2025-01-23 22:28:59,364 - DEBUG - Unnoted Feature 27: symbol=T, pp2=[930.33845051 423.42609392]
2025-01-23 22:28:59,365 - DEBUG - Homography Matrix M: [[ 2.09618311e+00  3.09809421e+01 -3.83825094e+03]
 [-2.45164032e-04 -1.49226023e-04 -5.96572270e-01]
 [-1.43533792e-04  2.56985066e-04  5.47106506e-01]]
2025-01-23 22:28:59,365 - DEBUG - Mask: [[1]
 [1]
 [1]
 [1]
 [1]
 [1]
 [1]
 [1]
 [1]
 [1]
 [1]
 [1]]
2025-01-23 22:28:59,365 - DEBUG - Feature 0: mask=[1], p1=[582. 296.], pp2=[507.98795661 296.18968376], distance=74.01228646213113
2025-01-23 22:28:59,365 - DEBUG - Feature 1: mask=[1], p1=[402. 301.], pp2=[385.89079782 302.56823635], distance=16.1853563480969
2025-01-23 22:28:59,366 - DEBUG - Feature 2: mask=[1], p1=[272. 314.], pp2=[257.57751039 316.35378122], distance=14.613298488084395
2025-01-23 22:28:59,366 - DEBUG - Feature 3: mask=[1], p1=[1440.  467.], pp2=[1416.95650111  485.59831497], distance=29.61250008008101
2025-01-23 22:28:59,366 - DEBUG - Feature 4: mask=[1], p1=[965. 296.], pp2=[971.99654555 261.85934874], distance=34.85018964453706
2025-01-23 22:28:59,367 - DEBUG - Feature 5: mask=[1], p1=[666. 265.], pp2=[737.20016354 267.34081789], distance=71.23863219580544
2025-01-23 22:28:59,367 - DEBUG - Feature 6: mask=[1], p1=[392. 283.], pp2=[454.9529099  287.12888118], distance=63.088164695684306
2025-01-23 22:28:59,367 - DEBUG - Feature 7: mask=[1], p1=[1583.  319.], pp2=[1563.38714986  329.83811831], distance=22.40822837616312
2025-01-23 22:28:59,367 - DEBUG - Feature 8: mask=[1], p1=[729. 606.], pp2=[725.73622877 631.98017946], distance=26.18438327461024
2025-01-23 22:28:59,368 - DEBUG - Feature 9: mask=[1], p1=[169. 696.], pp2=[145.82355777 664.03703062], distance=39.48137391513716
2025-01-23 22:28:59,368 - DEBUG - Feature 10: mask=[1], p1=[1804.  672.], pp2=[1804.53603417  696.64805995], distance=24.65388796543776
2025-01-23 22:28:59,368 - DEBUG - Feature 11: mask=[1], p1=[885. 824.], pp2=[919.17308995 795.28650234], distance=44.63479612361836
2025-01-23 22:28:59,368 - DEBUG - Unnoted Feature 0: symbol=143, pp2=[ 29.3049427  441.96078373]
2025-01-23 22:28:59,369 - DEBUG - Unnoted Feature 1: symbol=147, pp2=[186.81584911 510.00577054]
2025-01-23 22:28:59,369 - DEBUG - Unnoted Feature 10: symbol=193, pp2=[258.91633838 588.04193668]
2025-01-23 22:28:59,369 - DEBUG - Unnoted Feature 11: symbol=195, pp2=[324.55339281 602.11776331]
2025-01-23 22:28:59,369 - DEBUG - Unnoted Feature 13: symbol=257, pp2=[-921.98511212  770.48933783]
2025-01-23 22:28:59,369 - DEBUG - Unnoted Feature 14: symbol=260, pp2=[-1182.45522219   863.84849992]
2025-01-23 22:28:59,369 - DEBUG - Unnoted Feature 15: symbol=261, pp2=[-205.49391969  575.93459378]
2025-01-23 22:28:59,369 - DEBUG - Unnoted Feature 16: symbol=272, pp2=[-339.30990697  730.62397544]
2025-01-23 22:28:59,370 - DEBUG - Unnoted Feature 19: symbol=311, pp2=[2727.2583107   637.76405883]
2025-01-23 22:28:59,370 - DEBUG - Unnoted Feature 20: symbol=312, pp2=[3150.46651554  646.33732356]
2025-01-23 22:28:59,370 - DEBUG - Unnoted Feature 21: symbol=315, pp2=[4175.23490238  547.89594851]
2025-01-23 22:28:59,370 - DEBUG - Unnoted Feature 22: symbol=316, pp2=[8926.72702618  509.82718916]
2025-01-23 22:28:59,370 - DEBUG - Unnoted Feature 24: symbol=341, pp2=[  33.90810709 1675.0488328 ]
2025-01-23 22:28:59,370 - DEBUG - Unnoted Feature 25: symbol=404, pp2=[-120.56175869  953.59956098]
2025-01-23 22:28:59,370 - DEBUG - Unnoted Feature 26: symbol=G, pp2=[145.10729902 583.53486862]
2025-01-23 22:28:59,371 - DEBUG - Unnoted Feature 27: symbol=T, pp2=[951.35659125 421.50805106]
2025-01-23 22:28:59,371 - DEBUG - Homography Matrix M: [[ 2.92484634e+00  3.89524999e+01 -6.58089211e+03]
 [-3.03748040e-04 -4.00364167e-04 -5.34892828e-01]
 [-1.36874884e-04  5.31101257e-04  5.21139413e-01]]
2025-01-23 22:28:59,371 - DEBUG - Mask: [[1]
 [1]
 [0]
 [1]
 [1]
 [1]
 [0]
 [1]
 [1]
 [1]
 [1]
 [1]]
2025-01-23 22:28:59,372 - DEBUG - Feature 0: mask=[1], p1=[582. 296.], pp2=[517.79904159 304.95605145], distance=64.8226343042414
2025-01-23 22:28:59,372 - DEBUG - Feature 1: mask=[1], p1=[402. 301.], pp2=[406.51235167 311.65620834], distance=11.57221214057751
2025-01-23 22:28:59,372 - DEBUG - Feature 2: mask=[0], p1=[272. 314.], pp2=[288.86740825 325.01613584], distance=20.146084236868894
2025-01-23 22:28:59,372 - DEBUG - Feature 3: mask=[1], p1=[1440.  467.], pp2=[1449.52592255  477.76489866], distance=14.374499768412601
2025-01-23 22:28:59,373 - DEBUG - Feature 4: mask=[1], p1=[965. 296.], pp2=[956.44743757 270.23064265], distance=27.15153959743507
2025-01-23 22:28:59,373 - DEBUG - Feature 5: mask=[1], p1=[666. 265.], pp2=[736.17411911 277.27754988], distance=71.24005351284367
2025-01-23 22:28:59,373 - DEBUG - Feature 6: mask=[0], p1=[392. 283.], pp2=[474.95578054 297.30359249], distance=84.17989238961876
2025-01-23 22:28:59,374 - DEBUG - Feature 7: mask=[1], p1=[1583.  319.], pp2=[1564.45330752  326.30905584], distance=19.934946681761
2025-01-23 22:28:59,374 - DEBUG - Feature 8: mask=[1], p1=[729. 606.], pp2=[733.65312404 628.77895128], distance=23.249348047515117
2025-01-23 22:28:59,374 - DEBUG - Feature 9: mask=[1], p1=[169. 696.], pp2=[141.87451291 662.6606575 ], distance=42.980272313098716
2025-01-23 22:28:59,374 - DEBUG - Feature 10: mask=[1], p1=[1804.  672.], pp2=[1791.64020113  689.72625926], distance=21.60983330605718
2025-01-23 22:28:59,375 - DEBUG - Feature 11: mask=[1], p1=[885. 824.], pp2=[914.76347019 804.11599226], distance=35.79438394511282
2025-01-23 22:28:59,375 - DEBUG - Unnoted Feature 0: symbol=143, pp2=[ 67.04764562 442.26759828]
2025-01-23 22:28:59,375 - DEBUG - Unnoted Feature 1: symbol=147, pp2=[214.9031432 507.4103306]
2025-01-23 22:28:59,375 - DEBUG - Unnoted Feature 10: symbol=193, pp2=[267.48730535 584.36693391]
2025-01-23 22:28:59,375 - DEBUG - Unnoted Feature 11: symbol=195, pp2=[330.70088792 598.54112565]
2025-01-23 22:28:59,375 - DEBUG - Unnoted Feature 13: symbol=257, pp2=[-930.34639366  778.60522746]
2025-01-23 22:28:59,376 - DEBUG - Unnoted Feature 14: symbol=260, pp2=[-1222.54810116   884.59955302]
2025-01-23 22:28:59,376 - DEBUG - Unnoted Feature 15: symbol=261, pp2=[-178.27752772  574.04512865]
2025-01-23 22:28:59,376 - DEBUG - Unnoted Feature 16: symbol=272, pp2=[-345.40851571  735.21655268]
2025-01-23 22:28:59,376 - DEBUG - Unnoted Feature 19: symbol=311, pp2=[2763.76263313  624.75202813]
2025-01-23 22:28:59,376 - DEBUG - Unnoted Feature 20: symbol=312, pp2=[3099.94691587  625.68982376]
2025-01-23 22:28:59,376 - DEBUG - Unnoted Feature 21: symbol=315, pp2=[4090.61705694  516.9591531 ]
2025-01-23 22:28:59,376 - DEBUG - Unnoted Feature 22: symbol=316, pp2=[8637.28718007  437.7686352 ]
2025-01-23 22:28:59,377 - DEBUG - Unnoted Feature 24: symbol=341, pp2=[-296.13220009 1980.05918362]
2025-01-23 22:28:59,377 - DEBUG - Unnoted Feature 25: symbol=404, pp2=[-179.90886977  989.97669931]
2025-01-23 22:28:59,377 - DEBUG - Unnoted Feature 26: symbol=G, pp2=[151.26703838 579.60291789]
2025-01-23 22:28:59,377 - DEBUG - Unnoted Feature 27: symbol=T, pp2=[961.56820168 417.33534426]
2025-01-23 22:28:59,378 - DEBUG - Homography Matrix M: [[ 3.32308150e+00  3.79964835e+01 -6.17559745e+03]
 [-3.97180954e-04 -2.69083011e-04 -6.52284221e-01]
 [-1.41885614e-04  3.24929465e-04  6.29953813e-01]]
2025-01-23 22:28:59,378 - DEBUG - Mask: [[1]
 [1]
 [1]
 [1]
 [1]
 [1]
 [1]
 [1]
 [1]
 [1]
 [0]
 [1]]
2025-01-23 22:28:59,378 - DEBUG - Feature 0: mask=[1], p1=[582. 296.], pp2=[508.59088494 295.16502341], distance=73.41386353936647
2025-01-23 22:28:59,378 - DEBUG - Feature 1: mask=[1], p1=[402. 301.], pp2=[393.23597968 303.34089984], distance=9.07126585194915
2025-01-23 22:28:59,379 - DEBUG - Feature 2: mask=[1], p1=[272. 314.], pp2=[273.9614592  318.38363821], distance=4.802458345221642
2025-01-23 22:28:59,379 - DEBUG - Feature 3: mask=[1], p1=[1440.  467.], pp2=[1421.90940802  496.21305295], distance=34.36090774097595
2025-01-23 22:28:59,379 - DEBUG - Feature 4: mask=[1], p1=[965. 296.], pp2=[959.22770885 258.74110106], distance=37.703380419112605
2025-01-23 22:28:59,380 - DEBUG - Feature 5: mask=[1], p1=[666. 265.], pp2=[726.72726186 266.84570528], distance=60.75530397427307
2025-01-23 22:28:59,380 - DEBUG - Feature 6: mask=[1], p1=[392. 283.], pp2=[456.53962831 289.58823134], distance=64.87502149934753
2025-01-23 22:28:59,380 - DEBUG - Feature 7: mask=[1], p1=[1583.  319.], pp2=[1572.81104442  331.23811705], distance=15.924394013133583
2025-01-23 22:28:59,380 - DEBUG - Feature 8: mask=[1], p1=[729. 606.], pp2=[708.20130143 636.08533626], distance=36.574763429331604
2025-01-23 22:28:59,381 - DEBUG - Feature 9: mask=[1], p1=[169. 696.], pp2=[147.81841901 656.94173164], distance=44.43205712489243
2025-01-23 22:28:59,381 - DEBUG - Feature 10: mask=[0], p1=[1804.  672.], pp2=[1973.15059685  714.84229639], distance=174.49179572763896
2025-01-23 22:28:59,381 - DEBUG - Feature 11: mask=[1], p1=[885. 824.], pp2=[921.79179881 811.7340329 ], distance=38.78260446304727
2025-01-23 22:28:59,381 - DEBUG - Unnoted Feature 0: symbol=143, pp2=[ 57.74494393 440.75892656]
2025-01-23 22:28:59,382 - DEBUG - Unnoted Feature 1: symbol=147, pp2=[191.95829058 509.3873547 ]
2025-01-23 22:28:59,382 - DEBUG - Unnoted Feature 10: symbol=193, pp2=[256.71124793 583.80713038]
2025-01-23 22:28:59,382 - DEBUG - Unnoted Feature 11: symbol=195, pp2=[317.62392384 598.72030381]
2025-01-23 22:28:59,382 - DEBUG - Unnoted Feature 13: symbol=257, pp2=[-782.38874844  742.73647744]
2025-01-23 22:28:59,382 - DEBUG - Unnoted Feature 14: symbol=260, pp2=[-1001.32900931   827.29532698]
2025-01-23 22:28:59,382 - DEBUG - Unnoted Feature 15: symbol=261, pp2=[-161.5329431   568.29838666]
2025-01-23 22:28:59,382 - DEBUG - Unnoted Feature 16: symbol=272, pp2=[-294.88199799  716.3418054 ]
2025-01-23 22:28:59,383 - DEBUG - Unnoted Feature 19: symbol=311, pp2=[3225.08645235  665.48947029]
2025-01-23 22:28:59,383 - DEBUG - Unnoted Feature 20: symbol=312, pp2=[4029.76897113  662.76217605]
2025-01-23 22:28:59,383 - DEBUG - Unnoted Feature 21: symbol=315, pp2=[5989.80805929  527.37188208]
2025-01-23 22:28:59,383 - DEBUG - Unnoted Feature 22: symbol=316, pp2=[44085.17797435    60.60281863]
2025-01-23 22:28:59,383 - DEBUG - Unnoted Feature 24: symbol=341, pp2=[ -22.18979457 1807.2340779 ]
2025-01-23 22:28:59,383 - DEBUG - Unnoted Feature 25: symbol=404, pp2=[-125.46592404  948.82821906]
2025-01-23 22:28:59,383 - DEBUG - Unnoted Feature 26: symbol=G, pp2=[153.50870686 576.13319042]
2025-01-23 22:28:59,384 - DEBUG - Unnoted Feature 27: symbol=T, pp2=[932.46926053 423.88759671]
2025-01-23 22:28:59,384 - DEBUG - Homography Matrix M: [[ 1.98045296e+00  3.10093584e+01 -3.88529314e+03]
 [-2.32689867e-04 -1.28430906e-04 -5.82906245e-01]
 [-1.44444415e-04  2.70465497e-04  5.34601418e-01]]
2025-01-23 22:28:59,384 - DEBUG - Mask: [[1]
 [1]
 [1]
 [1]
 [1]
 [1]
 [1]
 [1]
 [1]
 [1]
 [1]
 [1]]
2025-01-23 22:28:59,385 - DEBUG - Feature 0: mask=[1], p1=[582. 296.], pp2=[505.21577634 296.30243934], distance=76.7848192845029
2025-01-23 22:28:59,385 - DEBUG - Feature 1: mask=[1], p1=[402. 301.], pp2=[384.00014612 302.28597581], distance=18.04573283145675
2025-01-23 22:28:59,385 - DEBUG - Feature 2: mask=[1], p1=[272. 314.], pp2=[256.43222688 315.59648426], distance=15.649419216616618
2025-01-23 22:28:59,386 - DEBUG - Feature 3: mask=[1], p1=[1440.  467.], pp2=[1424.79239104  482.44897814], distance=21.678152503137213
2025-01-23 22:28:59,386 - DEBUG - Feature 4: mask=[1], p1=[965. 296.], pp2=[969.69773736 262.95368327], distance=33.37855278232325
2025-01-23 22:28:59,386 - DEBUG - Feature 5: mask=[1], p1=[666. 265.], pp2=[735.82332408 267.96604115], distance=69.88629325904509
2025-01-23 22:28:59,386 - DEBUG - Feature 6: mask=[1], p1=[392. 283.], pp2=[454.76829561 286.92558856], distance=62.89093082356756
2025-01-23 22:28:59,387 - DEBUG - Feature 7: mask=[1], p1=[1583.  319.], pp2=[1564.41241869  329.36310796], distance=21.281263720514893
2025-01-23 22:28:59,387 - DEBUG - Feature 8: mask=[1], p1=[729. 606.], pp2=[730.86977229 629.80205655], distance=23.875383645962618
2025-01-23 22:28:59,387 - DEBUG - Feature 9: mask=[1], p1=[169. 696.], pp2=[143.41263888 662.73326636], distance=41.96890058390027
2025-01-23 22:28:59,388 - DEBUG - Feature 10: mask=[1], p1=[1804.  672.], pp2=[1798.3647168   700.43088781], distance=28.983992100984548
2025-01-23 22:28:59,388 - DEBUG - Feature 11: mask=[1], p1=[885. 824.], pp2=[920.08268353 796.61617543], distance=44.5047023558982
2025-01-23 22:28:59,388 - DEBUG - Unnoted Feature 0: symbol=143, pp2=[ 30.21497686 439.53891495]
2025-01-23 22:28:59,388 - DEBUG - Unnoted Feature 1: symbol=147, pp2=[192.18134123 506.86964163]
2025-01-23 22:28:59,388 - DEBUG - Unnoted Feature 10: symbol=193, pp2=[260.08611289 585.85355254]
2025-01-23 22:28:59,388 - DEBUG - Unnoted Feature 11: symbol=195, pp2=[326.18997908 600.00071457]
2025-01-23 22:28:59,389 - DEBUG - Unnoted Feature 13: symbol=257, pp2=[-937.04170299  769.18163181]
2025-01-23 22:28:59,389 - DEBUG - Unnoted Feature 14: symbol=260, pp2=[-1197.84694178   862.6251358 ]
2025-01-23 22:28:59,389 - DEBUG - Unnoted Feature 15: symbol=261, pp2=[-206.40867318  573.07713727]
2025-01-23 22:28:59,389 - DEBUG - Unnoted Feature 16: symbol=272, pp2=[-344.16245754  728.95354601]
2025-01-23 22:28:59,389 - DEBUG - Unnoted Feature 19: symbol=311, pp2=[2716.23153628  641.03049367]
2025-01-23 22:28:59,389 - DEBUG - Unnoted Feature 20: symbol=312, pp2=[3132.43537985  656.45274718]
2025-01-23 22:28:59,389 - DEBUG - Unnoted Feature 21: symbol=315, pp2=[4142.12167204  560.24065832]
2025-01-23 22:28:59,390 - DEBUG - Unnoted Feature 22: symbol=316, pp2=[8916.73324931  548.06873173]
2025-01-23 22:28:59,390 - DEBUG - Unnoted Feature 24: symbol=341, pp2=[ -32.77281456 1737.96061958]
2025-01-23 22:28:59,390 - DEBUG - Unnoted Feature 25: symbol=404, pp2=[-126.5208705   956.23501667]
2025-01-23 22:28:59,390 - DEBUG - Unnoted Feature 26: symbol=G, pp2=[142.47172173 581.86964266]
2025-01-23 22:28:59,390 - DEBUG - Unnoted Feature 27: symbol=T, pp2=[956.84271743 419.56003109]
2025-01-23 22:28:59,391 - DEBUG - Homography Matrix M: [[ 2.77536249e+00  3.90278828e+01 -6.62820405e+03]
 [-2.87605316e-04 -3.71319855e-04 -5.24062581e-01]
 [-1.38967322e-04  5.48021499e-04  5.06958466e-01]]
2025-01-23 22:28:59,391 - DEBUG - Mask: [[1]
 [1]
 [0]
 [1]
 [1]
 [1]
 [0]
 [1]
 [1]
 [1]
 [1]
 [1]]
2025-01-23 22:28:59,391 - DEBUG - Feature 0: mask=[1], p1=[582. 296.], pp2=[515.16576764 304.97644632], distance=67.43434735850182
2025-01-23 22:28:59,391 - DEBUG - Feature 1: mask=[1], p1=[402. 301.], pp2=[404.71527522 311.29116636], distance=10.64334649527085
2025-01-23 22:28:59,392 - DEBUG - Feature 2: mask=[0], p1=[272. 314.], pp2=[287.7677802  324.18486353], distance=18.771103792083075
2025-01-23 22:28:59,392 - DEBUG - Feature 3: mask=[1], p1=[1440.  467.], pp2=[1456.96125466  474.39164832], distance=18.501908672272567
2025-01-23 22:28:59,392 - DEBUG - Feature 4: mask=[1], p1=[965. 296.], pp2=[954.17711468 271.27519984], distance=26.989823820560563
2025-01-23 22:28:59,393 - DEBUG - Feature 5: mask=[1], p1=[666. 265.], pp2=[734.85172718 277.8359308 ], distance=70.03800007781855
2025-01-23 22:28:59,393 - DEBUG - Feature 6: mask=[0], p1=[392. 283.], pp2=[474.78992636 297.03492636], distance=83.97113232929294
2025-01-23 22:28:59,393 - DEBUG - Feature 7: mask=[1], p1=[1583.  319.], pp2=[1564.53259168  325.94103801], distance=19.72873991997238
2025-01-23 22:28:59,393 - DEBUG - Feature 8: mask=[1], p1=[729. 606.], pp2=[739.13918325 626.29182022], distance=22.683937154629596
2025-01-23 22:28:59,394 - DEBUG - Feature 9: mask=[1], p1=[169. 696.], pp2=[138.84844288 661.20286719], distance=46.042989136018264
2025-01-23 22:28:59,394 - DEBUG - Feature 10: mask=[1], p1=[1804.  672.], pp2=[1785.62364285  693.45336778], distance=28.24778737215124
2025-01-23 22:28:59,394 - DEBUG - Feature 11: mask=[1], p1=[885. 824.], pp2=[916.0144857  805.62048009], distance=36.05142265454614
2025-01-23 22:28:59,394 - DEBUG - Unnoted Feature 0: symbol=143, pp2=[ 67.84588188 439.72178541]
2025-01-23 22:28:59,395 - DEBUG - Unnoted Feature 1: symbol=147, pp2=[220.25436694 504.08026777]
2025-01-23 22:28:59,395 - DEBUG - Unnoted Feature 10: symbol=193, pp2=[268.51444497 581.94409391]
2025-01-23 22:28:59,395 - DEBUG - Unnoted Feature 11: symbol=195, pp2=[332.24416787 596.1811407 ]
2025-01-23 22:28:59,395 - DEBUG - Unnoted Feature 13: symbol=257, pp2=[-949.14670848  777.61372476]
2025-01-23 22:28:59,395 - DEBUG - Unnoted Feature 14: symbol=260, pp2=[-1243.73787934   884.18687833]
2025-01-23 22:28:59,395 - DEBUG - Unnoted Feature 15: symbol=261, pp2=[-179.69745266  571.01036507]
2025-01-23 22:28:59,395 - DEBUG - Unnoted Feature 16: symbol=272, pp2=[-351.93047639  733.58325424]
2025-01-23 22:28:59,396 - DEBUG - Unnoted Feature 19: symbol=311, pp2=[2751.53997803  627.8428352 ]
2025-01-23 22:28:59,396 - DEBUG - Unnoted Feature 20: symbol=312, pp2=[3081.17676489  635.834955  ]
2025-01-23 22:28:59,396 - DEBUG - Unnoted Feature 21: symbol=315, pp2=[4054.45187013  529.30141701]
2025-01-23 22:28:59,396 - DEBUG - Unnoted Feature 22: symbol=316, pp2=[8619.47718585  475.77802765]
2025-01-23 22:28:59,396 - DEBUG - Unnoted Feature 24: symbol=341, pp2=[-414.69582845 2094.38793364]
2025-01-23 22:28:59,396 - DEBUG - Unnoted Feature 25: symbol=404, pp2=[-189.31684808  994.19468865]
2025-01-23 22:28:59,396 - DEBUG - Unnoted Feature 26: symbol=G, pp2=[148.25576632 577.72735831]
2025-01-23 22:28:59,397 - DEBUG - Unnoted Feature 27: symbol=T, pp2=[966.96713717 415.27630231]
2025-01-23 22:28:59,397 - DEBUG - Homography Matrix M: [[ 3.10785276e+00  3.68283752e+01 -5.87963586e+03]
 [-3.69293242e-04 -2.01582243e-04 -6.46848391e-01]
 [-1.45081843e-04  3.11394165e-04  6.19987041e-01]]
2025-01-23 22:28:59,397 - DEBUG - Mask: [[1]
 [1]
 [1]
 [1]
 [1]
 [1]
 [1]
 [1]
 [1]
 [1]
 [0]
 [1]]
2025-01-23 22:28:59,398 - DEBUG - Feature 0: mask=[1], p1=[582. 296.], pp2=[506.7073973  295.35783346], distance=75.29534115558967
2025-01-23 22:28:59,398 - DEBUG - Feature 1: mask=[1], p1=[402. 301.], pp2=[391.92154812 303.26048318], distance=10.3288419759824
2025-01-23 22:28:59,398 - DEBUG - Feature 2: mask=[1], p1=[272. 314.], pp2=[273.03941737 318.08864991], distance=4.218702000722313
2025-01-23 22:28:59,399 - DEBUG - Feature 3: mask=[1], p1=[1440.  467.], pp2=[1425.07856532  494.02378134], distance=30.86962861215899
2025-01-23 22:28:59,399 - DEBUG - Feature 4: mask=[1], p1=[965. 296.], pp2=[958.75666561 259.32083209], distance=37.20672766067858
2025-01-23 22:28:59,399 - DEBUG - Feature 5: mask=[1], p1=[666. 265.], pp2=[726.9205324  267.02281048], distance=60.95410592957992
2025-01-23 22:28:59,399 - DEBUG - Feature 6: mask=[1], p1=[392. 283.], pp2=[457.14678106 289.29701988], distance=65.45040520429913
2025-01-23 22:28:59,400 - DEBUG - Feature 7: mask=[1], p1=[1583.  319.], pp2=[1572.2475496   330.98553439], distance=16.101808105652797
2025-01-23 22:28:59,400 - DEBUG - Feature 8: mask=[1], p1=[729. 606.], pp2=[713.03928971 635.69701035], distance=33.714339630596776
2025-01-23 22:28:59,400 - DEBUG - Feature 9: mask=[1], p1=[169. 696.], pp2=[149.50829532 658.26695331], distance=42.47009964891385
2025-01-23 22:28:59,401 - DEBUG - Feature 10: mask=[0], p1=[1804.  672.], pp2=[1939.56089595  718.06322425], distance=143.1732416980916
2025-01-23 22:28:59,401 - DEBUG - Feature 11: mask=[1], p1=[885. 824.], pp2=[917.17229578 812.54255678], distance=34.15156835104295
2025-01-23 22:28:59,401 - DEBUG - Unnoted Feature 0: symbol=143, pp2=[ 59.76403071 440.57857784]
2025-01-23 22:28:59,401 - DEBUG - Unnoted Feature 1: symbol=147, pp2=[199.4411084  508.85227502]
2025-01-23 22:28:59,401 - DEBUG - Unnoted Feature 10: symbol=193, pp2=[260.60212673 584.29449321]
2025-01-23 22:28:59,401 - DEBUG - Unnoted Feature 11: symbol=195, pp2=[321.79824606 599.17070661]
2025-01-23 22:28:59,402 - DEBUG - Unnoted Feature 13: symbol=257, pp2=[-785.55452389  745.19404958]
2025-01-23 22:28:59,402 - DEBUG - Unnoted Feature 14: symbol=260, pp2=[-1000.02862125   829.55402077]
2025-01-23 22:28:59,402 - DEBUG - Unnoted Feature 15: symbol=261, pp2=[-158.83114831  568.71892717]
2025-01-23 22:28:59,402 - DEBUG - Unnoted Feature 16: symbol=272, pp2=[-291.74777851  717.75541617]
2025-01-23 22:28:59,402 - DEBUG - Unnoted Feature 19: symbol=311, pp2=[3148.43442751  667.01403878]
2025-01-23 22:28:59,402 - DEBUG - Unnoted Feature 20: symbol=312, pp2=[3910.38720765  672.69498068]
2025-01-23 22:28:59,402 - DEBUG - Unnoted Feature 21: symbol=315, pp2=[5756.3592165   543.11977687]
2025-01-23 22:28:59,403 - DEBUG - Unnoted Feature 22: symbol=316, pp2=[37315.80197986   265.55597585]
2025-01-23 22:28:59,403 - DEBUG - Unnoted Feature 24: symbol=341, pp2=[ -73.90131928 1835.81694263]
2025-01-23 22:28:59,403 - DEBUG - Unnoted Feature 25: symbol=404, pp2=[-119.65111528  950.694218  ]
2025-01-23 22:28:59,403 - DEBUG - Unnoted Feature 26: symbol=G, pp2=[153.93285963 577.28424002]
2025-01-23 22:28:59,403 - DEBUG - Unnoted Feature 27: symbol=T, pp2=[938.24680926 423.28266563]
2025-01-23 22:28:59,404 - DEBUG - Homography Matrix M: [[ 1.85895529e+00  3.09985091e+01 -3.92618884e+03]
 [-2.20086172e-04 -1.06963686e-04 -5.69035082e-01]
 [-1.45313002e-04  2.83558488e-04  5.21520454e-01]]
2025-01-23 22:28:59,404 - DEBUG - Mask: [[1]
 [1]
 [1]
 [1]
 [1]
 [1]
 [1]
 [1]
 [1]
 [1]
 [1]
 [1]]
2025-01-23 22:28:59,404 - DEBUG - Feature 0: mask=[1], p1=[582. 296.], pp2=[502.4261602  296.41907465], distance=79.57494332243081
2025-01-23 22:28:59,405 - DEBUG - Feature 1: mask=[1], p1=[402. 301.], pp2=[382.07417923 302.00479426], distance=19.95113893648306
2025-01-23 22:28:59,405 - DEBUG - Feature 2: mask=[1], p1=[272. 314.], pp2=[255.2286573  314.83600807], distance=16.792166193325226
2025-01-23 22:28:59,405 - DEBUG - Feature 3: mask=[1], p1=[1440.  467.], pp2=[1432.45515832  479.29025442], distance=14.421337995639778
2025-01-23 22:28:59,405 - DEBUG - Feature 4: mask=[1], p1=[965. 296.], pp2=[967.43746286 264.08602902], distance=32.00691751412228
2025-01-23 22:28:59,406 - DEBUG - Feature 5: mask=[1], p1=[666. 265.], pp2=[734.48844871 268.61788678], distance=68.58393916038783
2025-01-23 22:28:59,406 - DEBUG - Feature 6: mask=[1], p1=[392. 283.], pp2=[454.59689875 286.73575615], distance=62.708273830541565
2025-01-23 22:28:59,406 - DEBUG - Feature 7: mask=[1], p1=[1583.  319.], pp2=[1565.15124142  328.97551257], distance=20.44722557912432
2025-01-23 22:28:59,407 - DEBUG - Feature 8: mask=[1], p1=[729. 606.], pp2=[736.26543397 627.53951923], distance=22.731859131321105
2025-01-23 22:28:59,407 - DEBUG - Feature 9: mask=[1], p1=[169. 696.], pp2=[140.98057567 661.4009319 ], distance=44.521721140833115
2025-01-23 22:28:59,407 - DEBUG - Feature 10: mask=[1], p1=[1804.  672.], pp2=[1792.15085687  704.22146805], distance=34.33111120292928
2025-01-23 22:28:59,407 - DEBUG - Feature 11: mask=[1], p1=[885. 824.], pp2=[921.1997436  797.91424151], distance=44.61937060239995
2025-01-23 22:28:59,408 - DEBUG - Unnoted Feature 0: symbol=143, pp2=[ 31.10276687 437.09411922]
2025-01-23 22:28:59,408 - DEBUG - Unnoted Feature 1: symbol=147, pp2=[197.74028178 503.6962101 ]
2025-01-23 22:28:59,408 - DEBUG - Unnoted Feature 10: symbol=193, pp2=[261.37311428 583.6177867 ]
2025-01-23 22:28:59,408 - DEBUG - Unnoted Feature 11: symbol=195, pp2=[327.97586669 597.83169258]
2025-01-23 22:28:59,408 - DEBUG - Unnoted Feature 13: symbol=257, pp2=[-953.19234902  767.93010401]
2025-01-23 22:28:59,408 - DEBUG - Unnoted Feature 14: symbol=260, pp2=[-1214.33414916   861.46870321]
2025-01-23 22:28:59,408 - DEBUG - Unnoted Feature 15: symbol=261, pp2=[-207.41435588  570.1773775 ]
2025-01-23 22:28:59,409 - DEBUG - Unnoted Feature 16: symbol=272, pp2=[-349.25372046  727.26855086]
2025-01-23 22:28:59,409 - DEBUG - Unnoted Feature 19: symbol=311, pp2=[2704.56490739  644.18068518]
2025-01-23 22:28:59,409 - DEBUG - Unnoted Feature 20: symbol=312, pp2=[3114.23250812  666.73126137]
2025-01-23 22:28:59,409 - DEBUG - Unnoted Feature 21: symbol=315, pp2=[4108.41187778  572.6642169 ]
2025-01-23 22:28:59,409 - DEBUG - Unnoted Feature 22: symbol=316, pp2=[8912.65781137  587.73994061]
2025-01-23 22:28:59,409 - DEBUG - Unnoted Feature 24: symbol=341, pp2=[-108.3768239  1809.85574029]
2025-01-23 22:28:59,409 - DEBUG - Unnoted Feature 25: symbol=404, pp2=[-132.64244282  959.00029509]
2025-01-23 22:28:59,410 - DEBUG - Unnoted Feature 26: symbol=G, pp2=[139.77795378 580.17470253]
2025-01-23 22:28:59,410 - DEBUG - Unnoted Feature 27: symbol=T, pp2=[962.42516998 417.62326872]
2025-01-23 22:28:59,410 - DEBUG - Homography Matrix M: [[ 2.22452684e+00  3.27185462e+01 -4.29862685e+03]
 [-2.57579759e-04 -1.41554755e-04 -5.78340148e-01]
 [-1.42523318e-04  3.84087368e-04  5.43553618e-01]]
2025-01-23 22:28:59,411 - DEBUG - Mask: [[1]
 [1]
 [1]
 [1]
 [1]
 [1]
 [1]
 [1]
 [1]
 [1]
 [0]
 [1]]
2025-01-23 22:28:59,411 - DEBUG - Feature 0: mask=[1], p1=[582. 296.], pp2=[499.48881066 296.84244024], distance=82.51548989372289
2025-01-23 22:28:59,411 - DEBUG - Feature 1: mask=[1], p1=[402. 301.], pp2=[387.57620162 302.61901707], distance=14.51437825455046
2025-01-23 22:28:59,411 - DEBUG - Feature 2: mask=[1], p1=[272. 314.], pp2=[269.66468858 315.66625124], distance=2.868810309753152
2025-01-23 22:28:59,412 - DEBUG - Feature 3: mask=[1], p1=[1440.  467.], pp2=[1442.64923372  485.69377004], distance=18.880558193969144
2025-01-23 22:28:59,412 - DEBUG - Feature 4: mask=[1], p1=[965. 296.], pp2=[950.25882317 263.41605159], distance=35.76333301136537
2025-01-23 22:28:59,412 - DEBUG - Feature 5: mask=[1], p1=[666. 265.], pp2=[725.72078528 268.44538891], distance=59.82008775345349
2025-01-23 22:28:59,413 - DEBUG - Feature 6: mask=[1], p1=[392. 283.], pp2=[460.24187761 287.16537532], distance=68.3688833541735
2025-01-23 22:28:59,413 - DEBUG - Feature 7: mask=[1], p1=[1583.  319.], pp2=[1567.08101582  329.07200488], distance=18.83771057239515
2025-01-23 22:28:59,413 - DEBUG - Feature 8: mask=[1], p1=[729. 606.], pp2=[735.2985049  636.33793206], distance=30.98485574681832
2025-01-23 22:28:59,413 - DEBUG - Feature 9: mask=[1], p1=[169. 696.], pp2=[156.24956405 667.86631512], distance=30.888150509838255
2025-01-23 22:28:59,414 - DEBUG - Feature 10: mask=[0], p1=[1804.  672.], pp2=[1703.34303025  714.20346312], distance=109.14649723216476
2025-01-23 22:28:59,414 - DEBUG - Feature 11: mask=[1], p1=[885. 824.], pp2=[892.96102616 812.1250687 ], distance=14.296570597438496
2025-01-23 22:28:59,414 - DEBUG - Unnoted Feature 0: symbol=143, pp2=[ 62.77373836 439.17586085]
2025-01-23 22:28:59,414 - DEBUG - Unnoted Feature 1: symbol=147, pp2=[226.31053324 507.70672953]
2025-01-23 22:28:59,414 - DEBUG - Unnoted Feature 10: symbol=193, pp2=[276.66384819 588.94710258]
2025-01-23 22:28:59,415 - DEBUG - Unnoted Feature 11: symbol=195, pp2=[339.94827046 603.78062024]
2025-01-23 22:28:59,415 - DEBUG - Unnoted Feature 13: symbol=257, pp2=[-864.36079771  773.36924526]
2025-01-23 22:28:59,415 - DEBUG - Unnoted Feature 14: symbol=260, pp2=[-1104.83853891   870.36724763]
2025-01-23 22:28:59,415 - DEBUG - Unnoted Feature 15: symbol=261, pp2=[-162.69125849  574.16043626]
2025-01-23 22:28:59,415 - DEBUG - Unnoted Feature 16: symbol=272, pp2=[-301.13499024  734.57783442]
2025-01-23 22:28:59,415 - DEBUG - Unnoted Feature 19: symbol=311, pp2=[2618.36827609  656.07542788]
2025-01-23 22:28:59,415 - DEBUG - Unnoted Feature 20: symbol=312, pp2=[2914.05590071  673.02017785]
2025-01-23 22:28:59,416 - DEBUG - Unnoted Feature 21: symbol=315, pp2=[3865.7050465   576.33277259]
2025-01-23 22:28:59,416 - DEBUG - Unnoted Feature 22: symbol=316, pp2=[8139.9071983  580.7428884]
2025-01-23 22:28:59,416 - DEBUG - Unnoted Feature 24: symbol=341, pp2=[-208.93445757 1830.66885109]
2025-01-23 22:28:59,416 - DEBUG - Unnoted Feature 25: symbol=404, pp2=[-106.65233994  976.41761233]
2025-01-23 22:28:59,416 - DEBUG - Unnoted Feature 26: symbol=G, pp2=[155.69615153 584.40795809]
2025-01-23 22:28:59,416 - DEBUG - Unnoted Feature 27: symbol=T, pp2=[963.3399075  420.43421753]
2025-01-23 22:28:59,418 - DEBUG - Homography Matrix M: [[-1.06567218e+02 -1.24604283e+02  1.16194777e+05]
 [-7.54439214e-03 -4.60667857e-01  1.53695114e+02]
 [ 1.02450765e-02 -1.82550758e-01  5.24570202e+01]]
2025-01-23 22:28:59,418 - DEBUG - Mask: [[1]
 [1]
 [1]
 [1]
 [0]
 [1]
 [1]
 [1]
 [0]
 [0]
 [0]
 [0]]
2025-01-23 22:28:59,418 - DEBUG - Feature 0: mask=[1], p1=[582. 296.], pp2=[548.50247259 319.46893741], distance=40.90079908413049
2025-01-23 22:28:59,419 - DEBUG - Feature 1: mask=[1], p1=[402. 301.], pp2=[490.44767447 318.08017341], distance=90.08175976804007
2025-01-23 22:28:59,419 - DEBUG - Feature 2: mask=[1], p1=[272. 314.], pp2=[326.68286947 314.06666918], distance=54.68291010691649
2025-01-23 22:28:59,419 - DEBUG - Feature 3: mask=[1], p1=[1440.  467.], pp2=[1448.14837331  418.49419545], distance=49.185455805491266
2025-01-23 22:28:59,420 - DEBUG - Feature 4: mask=[0], p1=[965. 296.], pp2=[558.01873457 318.75248117], distance=407.6167634114437
2025-01-23 22:28:59,420 - DEBUG - Feature 5: mask=[1], p1=[666. 265.], pp2=[523.17968535 318.15215677], distance=152.3902688721235
2025-01-23 22:28:59,420 - DEBUG - Feature 6: mask=[1], p1=[392. 283.], pp2=[359.69115582 314.10911765], distance=44.851294443388205
2025-01-23 22:28:59,420 - DEBUG - Feature 7: mask=[1], p1=[1583.  319.], pp2=[1572.0566047   393.97985768], distance=75.77424996713705
2025-01-23 22:28:59,421 - DEBUG - Feature 8: mask=[0], p1=[729. 606.], pp2=[620.63859976 318.39509577], distance=307.3414615688544
2025-01-23 22:28:59,421 - DEBUG - Feature 9: mask=[0], p1=[169. 696.], pp2=[604.95300519 318.81090974], distance=576.4777814852997
2025-01-23 22:28:59,421 - DEBUG - Feature 10: mask=[0], p1=[1804.  672.], pp2=[656.98914086 321.89205268], distance=1199.253720346228
2025-01-23 22:28:59,422 - DEBUG - Feature 11: mask=[0], p1=[885. 824.], pp2=[655.54787915 321.22030516], distance=552.662371889225
2025-01-23 22:28:59,422 - DEBUG - Unnoted Feature 0: symbol=143, pp2=[949.2076646  332.00326065]
2025-01-23 22:28:59,422 - DEBUG - Unnoted Feature 1: symbol=147, pp2=[781.32020651 328.53253458]
2025-01-23 22:28:59,422 - DEBUG - Unnoted Feature 10: symbol=193, pp2=[538.67475813 315.32494151]
2025-01-23 22:28:59,422 - DEBUG - Unnoted Feature 11: symbol=195, pp2=[570.34462531 316.64495754]
2025-01-23 22:28:59,422 - DEBUG - Unnoted Feature 13: symbol=257, pp2=[694.48159742 324.21554589]
2025-01-23 22:28:59,422 - DEBUG - Unnoted Feature 14: symbol=260, pp2=[673.25377268 323.52338455]
2025-01-23 22:28:59,423 - DEBUG - Unnoted Feature 15: symbol=261, pp2=[781.9751027  327.69173097]
2025-01-23 22:28:59,423 - DEBUG - Unnoted Feature 16: symbol=272, pp2=[767.69704483 329.80169785]
2025-01-23 22:28:59,423 - DEBUG - Unnoted Feature 19: symbol=311, pp2=[658.53897122 321.8071909 ]
2025-01-23 22:28:59,423 - DEBUG - Unnoted Feature 20: symbol=312, pp2=[658.79779134 322.21582252]
2025-01-23 22:28:59,423 - DEBUG - Unnoted Feature 21: symbol=315, pp2=[658.94137644 322.24456339]
2025-01-23 22:28:59,423 - DEBUG - Unnoted Feature 22: symbol=316, pp2=[660.28335694 322.44845408]
2025-01-23 22:28:59,423 - DEBUG - Unnoted Feature 24: symbol=341, pp2=[667.80961655 322.35620356]
2025-01-23 22:28:59,424 - DEBUG - Unnoted Feature 25: symbol=404, pp2=[653.05728616 317.24847534]
2025-01-23 22:28:59,424 - DEBUG - Unnoted Feature 26: symbol=G, pp2=[581.34093194 318.64888352]
2025-01-23 22:28:59,424 - DEBUG - Unnoted Feature 27: symbol=T, pp2=[256.46068309 296.74086866]
2025-01-23 22:28:59,425 - DEBUG - Homography Matrix M: [[-7.68795108e+00 -8.72350826e+01  3.31687472e+04]
 [-6.59421515e-03 -1.01421961e-01  3.35982522e+01]
 [-1.06867633e-05 -1.22204377e-02  3.38806341e+00]]
2025-01-23 22:28:59,425 - DEBUG - Mask: [[1]
 [1]
 [1]
 [0]
 [0]
 [1]
 [1]
 [1]
 [0]
 [1]
 [0]
 [0]]
2025-01-23 22:28:59,426 - DEBUG - Feature 0: mask=[1], p1=[582. 296.], pp2=[609.11560758 284.65863283], distance=29.39188295676144
2025-01-23 22:28:59,426 - DEBUG - Feature 1: mask=[1], p1=[402. 301.], pp2=[486.37475661 291.14336553], distance=84.94853027614269
2025-01-23 22:28:59,426 - DEBUG - Feature 2: mask=[1], p1=[272. 314.], pp2=[274.57836877 302.12441297], distance=12.152265338382776
2025-01-23 22:28:59,426 - DEBUG - Feature 3: mask=[0], p1=[1440.  467.], pp2=[780.8337344  298.68860192], distance=680.315288985853
2025-01-23 22:28:59,427 - DEBUG - Feature 4: mask=[0], p1=[965. 296.], pp2=[679.28489874 279.02315638], distance=286.2190285598995
2025-01-23 22:28:59,427 - DEBUG - Feature 5: mask=[1], p1=[666. 265.], pp2=[588.04982393 284.6063341 ], distance=80.37809580751897
2025-01-23 22:28:59,427 - DEBUG - Feature 6: mask=[1], p1=[392. 283.], pp2=[355.94640705 297.15228118], distance=38.73175218245068
2025-01-23 22:28:59,428 - DEBUG - Feature 7: mask=[1], p1=[1583.  319.], pp2=[1583.05570022  320.54566878], distance=1.5466720739113213
2025-01-23 22:28:59,428 - DEBUG - Feature 8: mask=[0], p1=[729. 606.], pp2=[5646.01208775 -346.29785961], distance=5008.380884527782
2025-01-23 22:28:59,428 - DEBUG - Feature 9: mask=[1], p1=[169. 696.], pp2=[168.67310606 695.68598269], distance=0.45328414689559615
2025-01-23 22:28:59,428 - DEBUG - Feature 10: mask=[0], p1=[1804.  672.], pp2=[1101.84910693  256.94391922], distance=815.6515351682938
2025-01-23 22:28:59,429 - DEBUG - Feature 11: mask=[0], p1=[885. 824.], pp2=[1317.02454613  238.21883137], distance=727.8631643282266
2025-01-23 22:28:59,429 - DEBUG - Unnoted Feature 0: symbol=143, pp2=[2749.43303748  188.57010552]
2025-01-23 22:28:59,429 - DEBUG - Unnoted Feature 1: symbol=147, pp2=[1257.34267269  260.12915624]
2025-01-23 22:28:59,429 - DEBUG - Unnoted Feature 10: symbol=193, pp2=[1463.53909635  294.49692477]
2025-01-23 22:28:59,429 - DEBUG - Unnoted Feature 11: symbol=195, pp2=[1233.82567538  333.50808062]
2025-01-23 22:28:59,429 - DEBUG - Unnoted Feature 13: symbol=257, pp2=[1042.52833468  265.91789502]
2025-01-23 22:28:59,430 - DEBUG - Unnoted Feature 14: symbol=260, pp2=[995.98424049 267.8097873 ]
2025-01-23 22:28:59,430 - DEBUG - Unnoted Feature 15: symbol=261, pp2=[1245.54846839  258.46796384]
2025-01-23 22:28:59,430 - DEBUG - Unnoted Feature 16: symbol=272, pp2=[995.75052807 271.84956239]
2025-01-23 22:28:59,430 - DEBUG - Unnoted Feature 19: symbol=311, pp2=[1119.7010446   255.67926069]
2025-01-23 22:28:59,431 - DEBUG - Unnoted Feature 20: symbol=312, pp2=[1064.23349966  260.55592988]
2025-01-23 22:28:59,431 - DEBUG - Unnoted Feature 21: symbol=315, pp2=[1057.32763382  261.1267713 ]
2025-01-23 22:28:59,431 - DEBUG - Unnoted Feature 22: symbol=316, pp2=[1044.92944302  262.4940055 ]
2025-01-23 22:28:59,431 - DEBUG - Unnoted Feature 24: symbol=341, pp2=[1247.4254325  248.9202484]
2025-01-23 22:28:59,431 - DEBUG - Unnoted Feature 25: symbol=404, pp2=[632.13710488 296.54466039]
2025-01-23 22:28:59,431 - DEBUG - Unnoted Feature 26: symbol=G, pp2=[400.53943232 264.489721  ]
2025-01-23 22:28:59,431 - DEBUG - Unnoted Feature 27: symbol=T, pp2=[4228.21557899  330.21696676]
2025-01-23 22:28:59,433 - DEBUG - Homography Matrix M: [[-8.83886875e-01 -6.10857580e+00  1.64697850e+03]
 [ 5.19110799e-04  4.06357715e-03 -1.62110278e+00]
 [-3.73439134e-05  6.04313106e-04 -1.15033179e-01]]
2025-01-23 22:28:59,433 - DEBUG - Mask: [[1]
 [1]
 [1]
 [1]
 [0]
 [1]
 [1]
 [0]
 [1]
 [0]
 [0]
 [0]]
2025-01-23 22:28:59,433 - DEBUG - Feature 0: mask=[1], p1=[582. 296.], pp2=[610.12210711 277.82531455], distance=33.48390807247555
2025-01-23 22:28:59,433 - DEBUG - Feature 1: mask=[1], p1=[402. 301.], pp2=[462.31181362 293.27364292], distance=60.80469929266402
2025-01-23 22:28:59,434 - DEBUG - Feature 2: mask=[1], p1=[272. 314.], pp2=[264.01793581 312.94925235], distance=8.050926611371185
2025-01-23 22:28:59,434 - DEBUG - Feature 3: mask=[1], p1=[1440.  467.], pp2=[1440.83334398  470.71946865], distance=3.8116806294697887
2025-01-23 22:28:59,434 - DEBUG - Feature 4: mask=[0], p1=[965. 296.], pp2=[731.25776659 256.87175512], distance=236.99462278010222
2025-01-23 22:28:59,435 - DEBUG - Feature 5: mask=[1], p1=[666. 265.], pp2=[609.61421465 273.60635108], distance=57.038811943949455
2025-01-23 22:28:59,435 - DEBUG - Feature 6: mask=[1], p1=[392. 283.], pp2=[368.70754127 300.49017611], distance=29.128077413211173
2025-01-23 22:28:59,435 - DEBUG - Feature 7: mask=[0], p1=[1583.  319.], pp2=[191.92978578 154.79903086], distance=1400.7277748202105
2025-01-23 22:28:59,435 - DEBUG - Feature 8: mask=[1], p1=[729. 606.], pp2=[727.39263138 603.15807547], distance=3.264991414811968
2025-01-23 22:28:59,436 - DEBUG - Feature 9: mask=[0], p1=[169. 696.], pp2=[1697.46477205  389.48189482], distance=1558.8963750627413
2025-01-23 22:28:59,436 - DEBUG - Feature 10: mask=[0], p1=[1804.  672.], pp2=[2020.10738676  100.62440568], distance=610.8784432307452
2025-01-23 22:28:59,436 - DEBUG - Feature 11: mask=[0], p1=[885. 824.], pp2=[11651.99502095 -1851.63955534], distance=11094.468387952369
2025-01-23 22:28:59,436 - DEBUG - Unnoted Feature 0: symbol=143, pp2=[-2800.56157434   527.43679831]
2025-01-23 22:28:59,437 - DEBUG - Unnoted Feature 1: symbol=147, pp2=[3630.29103484  125.35739333]
2025-01-23 22:28:59,437 - DEBUG - Unnoted Feature 10: symbol=193, pp2=[3382.21159431  352.69263677]
2025-01-23 22:28:59,437 - DEBUG - Unnoted Feature 11: symbol=195, pp2=[2579.83301192  411.14395333]
2025-01-23 22:28:59,437 - DEBUG - Unnoted Feature 13: symbol=257, pp2=[1681.54353632  205.87256376]
2025-01-23 22:28:59,437 - DEBUG - Unnoted Feature 14: symbol=260, pp2=[1537.06427911  214.38672564]
2025-01-23 22:28:59,437 - DEBUG - Unnoted Feature 15: symbol=261, pp2=[2788.72623986  145.04162762]
2025-01-23 22:28:59,437 - DEBUG - Unnoted Feature 16: symbol=272, pp2=[1585.07681606  238.50707857]
2025-01-23 22:28:59,438 - DEBUG - Unnoted Feature 19: symbol=311, pp2=[2052.55931619   97.00764069]
2025-01-23 22:28:59,438 - DEBUG - Unnoted Feature 20: symbol=312, pp2=[1824.71737443  145.78049921]
2025-01-23 22:28:59,438 - DEBUG - Unnoted Feature 21: symbol=315, pp2=[1780.17041015  153.82838233]
2025-01-23 22:28:59,438 - DEBUG - Unnoted Feature 22: symbol=316, pp2=[1746.21269227  165.40959509]
2025-01-23 22:28:59,438 - DEBUG - Unnoted Feature 24: symbol=341, pp2=[9335.08742521 -896.93365346]
2025-01-23 22:28:59,438 - DEBUG - Unnoted Feature 25: symbol=404, pp2=[957.23743145 307.35750908]
2025-01-23 22:28:59,438 - DEBUG - Unnoted Feature 26: symbol=G, pp2=[-3420.29902329    94.83774801]
2025-01-23 22:28:59,439 - DEBUG - Unnoted Feature 27: symbol=T, pp2=[-404.06470343  184.74581238]
2025-01-23 22:28:59,440 - DEBUG - Homography Matrix M: [[-9.67350890e+01 -1.54063976e+02  1.19776270e+05]
 [-5.33860967e-03 -4.36307749e-01  1.44352127e+02]
 [ 1.01004433e-02 -1.74562597e-01  4.98776387e+01]]
2025-01-23 22:28:59,440 - DEBUG - Mask: [[1]
 [1]
 [1]
 [1]
 [0]
 [1]
 [1]
 [1]
 [0]
 [0]
 [0]
 [0]]
2025-01-23 22:28:59,441 - DEBUG - Feature 0: mask=[1], p1=[582. 296.], pp2=[550.12756634 318.91204034], distance=39.25319885075746
2025-01-23 22:28:59,441 - DEBUG - Feature 1: mask=[1], p1=[402. 301.], pp2=[490.74422532 317.3487906 ], distance=90.23757799595765
2025-01-23 22:28:59,441 - DEBUG - Feature 2: mask=[1], p1=[272. 314.], pp2=[328.74841375 312.99424122], distance=56.75732564489359
2025-01-23 22:28:59,442 - DEBUG - Feature 3: mask=[1], p1=[1440.  467.], pp2=[1448.24202769  418.50882061], distance=49.186639440406815
2025-01-23 22:28:59,442 - DEBUG - Feature 4: mask=[0], p1=[965. 296.], pp2=[559.37222394 318.17684609], distance=406.2335599339079
2025-01-23 22:28:59,442 - DEBUG - Feature 5: mask=[1], p1=[666. 265.], pp2=[523.33618481 317.47024345], distance=152.00687685755
2025-01-23 22:28:59,442 - DEBUG - Feature 6: mask=[1], p1=[392. 283.], pp2=[358.4682827  313.01032002], distance=44.999948587977244
2025-01-23 22:28:59,443 - DEBUG - Feature 7: mask=[1], p1=[1583.  319.], pp2=[1571.77044322  394.49975976], distance=76.3303129107185
2025-01-23 22:28:59,443 - DEBUG - Feature 8: mask=[0], p1=[729. 606.], pp2=[626.78978276 318.12599294], distance=305.4805598555455
2025-01-23 22:28:59,443 - DEBUG - Feature 9: mask=[0], p1=[169. 696.], pp2=[610.98183407 318.5599151 ], distance=581.2133509643932
2025-01-23 22:28:59,444 - DEBUG - Feature 10: mask=[0], p1=[1804.  672.], pp2=[664.01829934 321.74831704], distance=1192.5747436760294
2025-01-23 22:28:59,444 - DEBUG - Feature 11: mask=[0], p1=[885. 824.], pp2=[662.82734574 321.07894768], distance=549.8093061862271
2025-01-23 22:28:59,444 - DEBUG - Unnoted Feature 0: symbol=143, pp2=[990.20056985 333.63422037]
2025-01-23 22:28:59,444 - DEBUG - Unnoted Feature 1: symbol=147, pp2=[797.51483864 329.05812556]
2025-01-23 22:28:59,444 - DEBUG - Unnoted Feature 10: symbol=193, pp2=[544.00045397 314.94545705]
2025-01-23 22:28:59,444 - DEBUG - Unnoted Feature 11: symbol=195, pp2=[575.64333505 316.29936708]
2025-01-23 22:28:59,445 - DEBUG - Unnoted Feature 13: symbol=257, pp2=[703.31279628 324.20394906]
2025-01-23 22:28:59,445 - DEBUG - Unnoted Feature 14: symbol=260, pp2=[680.56394564 323.42605245]
2025-01-23 22:28:59,445 - DEBUG - Unnoted Feature 15: symbol=261, pp2=[799.42364625 328.20265396]
2025-01-23 22:28:59,445 - DEBUG - Unnoted Feature 16: symbol=272, pp2=[783.8684146  330.39307308]
2025-01-23 22:28:59,445 - DEBUG - Unnoted Feature 19: symbol=311, pp2=[665.63794149 321.66138916]
2025-01-23 22:28:59,445 - DEBUG - Unnoted Feature 20: symbol=312, pp2=[665.81454064 322.07915945]
2025-01-23 22:28:59,445 - DEBUG - Unnoted Feature 21: symbol=315, pp2=[665.93481613 322.10637227]
2025-01-23 22:28:59,446 - DEBUG - Unnoted Feature 22: symbol=316, pp2=[667.31189343 322.31848441]
2025-01-23 22:28:59,446 - DEBUG - Unnoted Feature 24: symbol=341, pp2=[675.6127356  322.27847285]
2025-01-23 22:28:59,446 - DEBUG - Unnoted Feature 25: symbol=404, pp2=[662.8395981  317.31477097]
2025-01-23 22:28:59,446 - DEBUG - Unnoted Feature 26: symbol=G, pp2=[586.3453341  318.31228534]
2025-01-23 22:28:59,446 - DEBUG - Unnoted Feature 27: symbol=T, pp2=[252.64351051 295.31735131]
2025-01-23 22:28:59,447 - DEBUG - Homography Matrix M: [[-6.88886647e+00 -8.09348343e+01  3.07038911e+04]
 [-5.70909917e-03 -9.03430487e-02  2.98780227e+01]
 [ 1.34703683e-05 -1.13288396e-02  3.12809113e+00]]
2025-01-23 22:28:59,448 - DEBUG - Mask: [[1]
 [1]
 [1]
 [0]
 [0]
 [1]
 [1]
 [1]
 [0]
 [1]
 [0]
 [0]]
2025-01-23 22:28:59,448 - DEBUG - Feature 0: mask=[1], p1=[582. 296.], pp2=[609.85594209 284.9189607 ], distance=29.97904170558477
2025-01-23 22:28:59,448 - DEBUG - Feature 1: mask=[1], p1=[402. 301.], pp2=[486.43052572 291.20001014], distance=84.99737333541466
2025-01-23 22:28:59,448 - DEBUG - Feature 2: mask=[1], p1=[272. 314.], pp2=[275.64153216 301.71774418], distance=12.810720689270108
2025-01-23 22:28:59,449 - DEBUG - Feature 3: mask=[0], p1=[1440.  467.], pp2=[791.96759912 299.22414631], distance=669.3987822489547
2025-01-23 22:28:59,449 - DEBUG - Feature 4: mask=[0], p1=[965. 296.], pp2=[679.33630061 279.34808631], distance=286.1486246351646
2025-01-23 22:28:59,449 - DEBUG - Feature 5: mask=[1], p1=[666. 265.], pp2=[587.34041076 284.83196361], distance=81.12113016997884
2025-01-23 22:28:59,450 - DEBUG - Feature 6: mask=[1], p1=[392. 283.], pp2=[354.86745084 296.966448  ], distance=39.67225575451129
2025-01-23 22:28:59,450 - DEBUG - Feature 7: mask=[1], p1=[1583.  319.], pp2=[1583.00994992  320.50075864], distance=1.5007916258107143
2025-01-23 22:28:59,450 - DEBUG - Feature 8: mask=[0], p1=[729. 606.], pp2=[7701.26127678 -605.5707362 ], distance=7076.745788888156
2025-01-23 22:28:59,450 - DEBUG - Feature 9: mask=[1], p1=[169. 696.], pp2=[168.66144482 695.70746891], distance=0.4474304906731345
2025-01-23 22:28:59,451 - DEBUG - Feature 10: mask=[0], p1=[1804.  672.], pp2=[1114.9088348   257.50642496], distance=804.1464777730806
2025-01-23 22:28:59,451 - DEBUG - Feature 11: mask=[0], p1=[885. 824.], pp2=[1340.29659717  238.35926506], distance=741.8019020055406
2025-01-23 22:28:59,451 - DEBUG - Unnoted Feature 0: symbol=143, pp2=[2912.55035846  186.2274582 ]
2025-01-23 22:28:59,451 - DEBUG - Unnoted Feature 1: symbol=147, pp2=[1276.87575211  261.11124965]
2025-01-23 22:28:59,451 - DEBUG - Unnoted Feature 10: symbol=193, pp2=[1491.23632904  296.99537034]
2025-01-23 22:28:59,452 - DEBUG - Unnoted Feature 11: symbol=195, pp2=[1250.83879207  335.8765254 ]
2025-01-23 22:28:59,452 - DEBUG - Unnoted Feature 13: symbol=257, pp2=[1053.10000053  266.63542998]
2025-01-23 22:28:59,452 - DEBUG - Unnoted Feature 14: symbol=260, pp2=[1005.08376855  268.50708553]
2025-01-23 22:28:59,452 - DEBUG - Unnoted Feature 15: symbol=261, pp2=[1264.85165533  259.30512991]
2025-01-23 22:28:59,452 - DEBUG - Unnoted Feature 16: symbol=272, pp2=[1004.79557351  272.65962634]
2025-01-23 22:28:59,452 - DEBUG - Unnoted Feature 19: symbol=311, pp2=[1133.41557459  256.20783904]
2025-01-23 22:28:59,452 - DEBUG - Unnoted Feature 20: symbol=312, pp2=[1075.89702777  261.17654752]
2025-01-23 22:28:59,453 - DEBUG - Unnoted Feature 21: symbol=315, pp2=[1068.7180791   261.75018166]
2025-01-23 22:28:59,453 - DEBUG - Unnoted Feature 22: symbol=316, pp2=[1055.93672083  263.14335757]
2025-01-23 22:28:59,453 - DEBUG - Unnoted Feature 24: symbol=341, pp2=[1266.64826865  249.52537649]
2025-01-23 22:28:59,453 - DEBUG - Unnoted Feature 25: symbol=404, pp2=[633.31292014 297.05131899]
2025-01-23 22:28:59,453 - DEBUG - Unnoted Feature 26: symbol=G, pp2=[402.37430493 264.0886013 ]
2025-01-23 22:28:59,453 - DEBUG - Unnoted Feature 27: symbol=T, pp2=[4074.61573753  333.94461533]
2025-01-23 22:28:59,455 - DEBUG - Homography Matrix M: [[-6.03840986e-01 -4.24236554e+00  1.14200310e+03]
 [ 3.54941184e-04  2.71689164e-03 -1.08891761e+00]
 [-2.62638362e-05  4.19079553e-04 -7.97322532e-02]]
2025-01-23 22:28:59,455 - DEBUG - Mask: [[1]
 [1]
 [1]
 [1]
 [0]
 [1]
 [1]
 [0]
 [1]
 [0]
 [0]
 [0]]
2025-01-23 22:28:59,455 - DEBUG - Feature 0: mask=[1], p1=[582. 296.], pp2=[609.90824302 277.73454349], distance=33.35411414117717
2025-01-23 22:28:59,455 - DEBUG - Feature 1: mask=[1], p1=[402. 301.], pp2=[462.99359598 293.22637106], distance=61.486974695989495
2025-01-23 22:28:59,456 - DEBUG - Feature 2: mask=[1], p1=[272. 314.], pp2=[263.56761661 313.20930443], distance=8.46937359813646
2025-01-23 22:28:59,456 - DEBUG - Feature 3: mask=[1], p1=[1440.  467.], pp2=[1440.85669188  470.82037834], distance=3.9152537130138176
2025-01-23 22:28:59,456 - DEBUG - Feature 4: mask=[0], p1=[965. 296.], pp2=[728.51901512 256.88941253], distance=239.69333379099018
2025-01-23 22:28:59,456 - DEBUG - Feature 5: mask=[1], p1=[666. 265.], pp2=[609.0987706  273.47238284], distance=57.52852490600964
2025-01-23 22:28:59,457 - DEBUG - Feature 6: mask=[1], p1=[392. 283.], pp2=[369.22436186 300.46933702], distance=28.703787703694378
2025-01-23 22:28:59,457 - DEBUG - Feature 7: mask=[0], p1=[1583.  319.], pp2=[197.03687702 156.34634882], distance=1395.4748254606222
2025-01-23 22:28:59,457 - DEBUG - Feature 8: mask=[1], p1=[729. 606.], pp2=[727.3503161  603.06493237], distance=3.366909405190038
2025-01-23 22:28:59,458 - DEBUG - Feature 9: mask=[0], p1=[169. 696.], pp2=[1641.38859585  382.77511782], distance=1505.3365085565329
2025-01-23 22:28:59,458 - DEBUG - Feature 10: mask=[0], p1=[1804.  672.], pp2=[1944.67007215  108.97513368], distance=580.3318613502269
2025-01-23 22:28:59,458 - DEBUG - Feature 11: mask=[0], p1=[885. 824.], pp2=[ 8651.40970784 -1278.67940094], distance=8046.016431324958
2025-01-23 22:28:59,458 - DEBUG - Unnoted Feature 0: symbol=143, pp2=[-3192.85606155   559.4007504 ]
2025-01-23 22:28:59,458 - DEBUG - Unnoted Feature 1: symbol=147, pp2=[3344.21855405  137.78697715]
2025-01-23 22:28:59,459 - DEBUG - Unnoted Feature 10: symbol=193, pp2=[3126.23295434  343.76281744]
2025-01-23 22:28:59,459 - DEBUG - Unnoted Feature 11: symbol=195, pp2=[2444.26252197  400.66550316]
2025-01-23 22:28:59,459 - DEBUG - Unnoted Feature 13: symbol=257, pp2=[1630.791249    208.12986569]
2025-01-23 22:28:59,459 - DEBUG - Unnoted Feature 14: symbol=260, pp2=[1498.60305489  216.08459326]
2025-01-23 22:28:59,459 - DEBUG - Unnoted Feature 15: symbol=261, pp2=[2616.50226032  153.57081058]
2025-01-23 22:28:59,459 - DEBUG - Unnoted Feature 16: symbol=272, pp2=[1542.32418449  239.22682486]
2025-01-23 22:28:59,459 - DEBUG - Unnoted Feature 19: symbol=311, pp2=[1970.98814405  105.90731634]
2025-01-23 22:28:59,460 - DEBUG - Unnoted Feature 20: symbol=312, pp2=[1767.21823556  151.06466251]
2025-01-23 22:28:59,460 - DEBUG - Unnoted Feature 21: symbol=315, pp2=[1725.84498138  158.61923416]
2025-01-23 22:28:59,460 - DEBUG - Unnoted Feature 22: symbol=316, pp2=[1695.42465582  169.54494381]
2025-01-23 22:28:59,460 - DEBUG - Unnoted Feature 24: symbol=341, pp2=[7585.06633394 -663.53317871]
2025-01-23 22:28:59,460 - DEBUG - Unnoted Feature 25: symbol=404, pp2=[948.38550385 306.24421113]
2025-01-23 22:28:59,460 - DEBUG - Unnoted Feature 26: symbol=G, pp2=[-4071.93663402    69.98057922]
2025-01-23 22:28:59,460 - DEBUG - Unnoted Feature 27: symbol=T, pp2=[-408.83596801  184.02611832]
2025-01-23 22:28:59,462 - DEBUG - Homography Matrix M: [[-8.76073276e+01 -1.78619774e+02  1.22119926e+05]
 [-3.45371661e-03 -4.11699705e-01  1.35124750e+02]
 [ 9.92927976e-03 -1.66644022e-01  4.73420971e+01]]
2025-01-23 22:28:59,462 - DEBUG - Mask: [[1]
 [1]
 [1]
 [1]
 [0]
 [1]
 [1]
 [1]
 [0]
 [0]
 [0]
 [0]]
2025-01-23 22:28:59,463 - DEBUG - Feature 0: mask=[1], p1=[582. 296.], pp2=[551.76031971 318.34178413], distance=37.59778692967145
2025-01-23 22:28:59,463 - DEBUG - Feature 1: mask=[1], p1=[402. 301.], pp2=[491.07898457 316.60417783], distance=90.43536840062474
2025-01-23 22:28:59,463 - DEBUG - Feature 2: mask=[1], p1=[272. 314.], pp2=[330.82235963 311.9308767 ], distance=58.85873990857985
2025-01-23 22:28:59,463 - DEBUG - Feature 3: mask=[1], p1=[1440.  467.], pp2=[1448.32977762  418.50340182], distance=49.20676000440293
2025-01-23 22:28:59,464 - DEBUG - Feature 4: mask=[0], p1=[965. 296.], pp2=[560.63688024 317.57955104], distance=404.93852576036136
2025-01-23 22:28:59,464 - DEBUG - Feature 5: mask=[1], p1=[666. 265.], pp2=[523.41421498 316.76554483], distance=151.69171935818557
2025-01-23 22:28:59,464 - DEBUG - Feature 6: mask=[1], p1=[392. 283.], pp2=[357.25805682 311.90019296], distance=45.19096999514622
2025-01-23 22:28:59,465 - DEBUG - Feature 7: mask=[1], p1=[1583.  319.], pp2=[1571.49058601  395.00705152], distance=76.87352268978171
2025-01-23 22:28:59,465 - DEBUG - Feature 8: mask=[0], p1=[729. 606.], pp2=[633.10225907 317.86077972], distance=303.67842691989813
2025-01-23 22:28:59,465 - DEBUG - Feature 9: mask=[0], p1=[169. 696.], pp2=[617.20894026 318.31746118], distance=586.1188908940153
2025-01-23 22:28:59,465 - DEBUG - Feature 10: mask=[0], p1=[1804.  672.], pp2=[671.2163472  321.61178232], distance=1185.7363565058583
2025-01-23 22:28:59,466 - DEBUG - Feature 11: mask=[0], p1=[885. 824.], pp2=[670.29764311 320.94659717], distance=546.9550513095382
2025-01-23 22:28:59,466 - DEBUG - Unnoted Feature 0: symbol=143, pp2=[1036.86051446  335.58803595]
2025-01-23 22:28:59,466 - DEBUG - Unnoted Feature 1: symbol=147, pp2=[814.66886544 329.65742868]
2025-01-23 22:28:59,466 - DEBUG - Unnoted Feature 10: symbol=193, pp2=[549.52654255 314.5732415 ]
2025-01-23 22:28:59,466 - DEBUG - Unnoted Feature 11: symbol=195, pp2=[581.13035699 315.95956788]
2025-01-23 22:28:59,466 - DEBUG - Unnoted Feature 13: symbol=257, pp2=[712.3945231  324.20438393]
2025-01-23 22:28:59,467 - DEBUG - Unnoted Feature 14: symbol=260, pp2=[688.01760091 323.33416016]
2025-01-23 22:28:59,467 - DEBUG - Unnoted Feature 15: symbol=261, pp2=[818.16146192 328.79701023]
2025-01-23 22:28:59,467 - DEBUG - Unnoted Feature 16: symbol=272, pp2=[801.44337743 331.0903474 ]
2025-01-23 22:28:59,467 - DEBUG - Unnoted Feature 19: symbol=311, pp2=[672.90439689 321.52223031]
2025-01-23 22:28:59,467 - DEBUG - Unnoted Feature 20: symbol=312, pp2=[672.99612521 321.94961784]
2025-01-23 22:28:59,467 - DEBUG - Unnoted Feature 21: symbol=315, pp2=[673.08993946 321.97496559]
2025-01-23 22:28:59,467 - DEBUG - Unnoted Feature 22: symbol=316, pp2=[674.50379047 322.19575033]
2025-01-23 22:28:59,467 - DEBUG - Unnoted Feature 24: symbol=341, pp2=[683.63112497 322.21359157]
2025-01-23 22:28:59,468 - DEBUG - Unnoted Feature 25: symbol=404, pp2=[672.88666801 317.40331237]
2025-01-23 22:28:59,468 - DEBUG - Unnoted Feature 26: symbol=G, pp2=[591.52936722 317.98093192]
2025-01-23 22:28:59,468 - DEBUG - Unnoted Feature 27: symbol=T, pp2=[248.53649454 293.83984747]
2025-01-23 22:28:59,469 - DEBUG - Homography Matrix M: [[-6.15824508e+00 -7.51006652e+01  2.84162041e+04]
 [-4.92462837e-03 -8.03671566e-02  2.65309723e+01]
 [ 3.42304962e-05 -1.05083537e-02  2.89001631e+00]]
2025-01-23 22:28:59,469 - DEBUG - Mask: [[1]
 [1]
 [1]
 [0]
 [0]
 [1]
 [1]
 [1]
 [0]
 [1]
 [0]
 [0]]
2025-01-23 22:28:59,470 - DEBUG - Feature 0: mask=[1], p1=[582. 296.], pp2=[610.60419898 285.19738013], distance=30.576082077867852
2025-01-23 22:28:59,470 - DEBUG - Feature 1: mask=[1], p1=[402. 301.], pp2=[486.55546876 291.25721226], distance=85.11491766908593
2025-01-23 22:28:59,470 - DEBUG - Feature 2: mask=[1], p1=[272. 314.], pp2=[276.76741106 301.29625161], distance=13.568840455901036
2025-01-23 22:28:59,470 - DEBUG - Feature 3: mask=[0], p1=[1440.  467.], pp2=[803.70450216 299.76562958], distance=657.9052327068541
2025-01-23 22:28:59,471 - DEBUG - Feature 4: mask=[0], p1=[965. 296.], pp2=[679.16587026 279.70206011], distance=286.2983977783854
2025-01-23 22:28:59,471 - DEBUG - Feature 5: mask=[1], p1=[666. 265.], pp2=[586.51631974 285.0707434 ], distance=81.97859579028683
2025-01-23 22:28:59,471 - DEBUG - Feature 6: mask=[1], p1=[392. 283.], pp2=[353.76587293 296.76643638], distance=40.636968923973996
2025-01-23 22:28:59,471 - DEBUG - Feature 7: mask=[1], p1=[1583.  319.], pp2=[1582.96094714  320.45901328], distance=1.4595358452847855
2025-01-23 22:28:59,471 - DEBUG - Feature 8: mask=[0], p1=[729. 606.], pp2=[12616.58885852 -1226.3962555 ], distance=12027.9859039843
2025-01-23 22:28:59,471 - DEBUG - Feature 9: mask=[1], p1=[169. 696.], pp2=[168.64695727 695.72860368], distance=0.4453034153757602
2025-01-23 22:28:59,471 - DEBUG - Feature 10: mask=[0], p1=[1804.  672.], pp2=[1127.69222253  258.20539673], distance=792.854452943455
2025-01-23 22:28:59,472 - DEBUG - Feature 11: mask=[0], p1=[885. 824.], pp2=[1363.33599327  238.70518056], distance=755.8937412932038
2025-01-23 22:28:59,472 - DEBUG - Unnoted Feature 0: symbol=143, pp2=[3088.40785673  184.25527344]
2025-01-23 22:28:59,472 - DEBUG - Unnoted Feature 1: symbol=147, pp2=[1296.14447708  262.25458185]
2025-01-23 22:28:59,472 - DEBUG - Unnoted Feature 10: symbol=193, pp2=[1518.64059441  299.58625152]
2025-01-23 22:28:59,472 - DEBUG - Unnoted Feature 11: symbol=195, pp2=[1267.85221182  338.1299457 ]
2025-01-23 22:28:59,472 - DEBUG - Unnoted Feature 13: symbol=257, pp2=[1063.40696019  267.45577114]
2025-01-23 22:28:59,473 - DEBUG - Unnoted Feature 14: symbol=260, pp2=[1013.95737459  269.29834865]
2025-01-23 22:28:59,473 - DEBUG - Unnoted Feature 15: symbol=261, pp2=[1283.93026766  260.29699731]
2025-01-23 22:28:59,473 - DEBUG - Unnoted Feature 16: symbol=272, pp2=[1013.62810332  273.55357975]
2025-01-23 22:28:59,473 - DEBUG - Unnoted Feature 19: symbol=311, pp2=[1146.83832714  256.8752581 ]
2025-01-23 22:28:59,473 - DEBUG - Unnoted Feature 20: symbol=312, pp2=[1087.31150251  261.92068732]
2025-01-23 22:28:59,473 - DEBUG - Unnoted Feature 21: symbol=315, pp2=[1079.86033837  262.49430839]
2025-01-23 22:28:59,473 - DEBUG - Unnoted Feature 22: symbol=316, pp2=[1066.71448422  263.90944703]
2025-01-23 22:28:59,474 - DEBUG - Unnoted Feature 24: symbol=341, pp2=[1285.55537107  250.32159048]
2025-01-23 22:28:59,474 - DEBUG - Unnoted Feature 25: symbol=404, pp2=[634.54077517 297.549143  ]
2025-01-23 22:28:59,474 - DEBUG - Unnoted Feature 26: symbol=G, pp2=[404.37143012 263.76003498]
2025-01-23 22:28:59,474 - DEBUG - Unnoted Feature 27: symbol=T, pp2=[3914.59443193  336.9334328 ]
2025-01-23 22:28:59,475 - DEBUG - Homography Matrix M: [[-3.13066152e-01 -2.23784786e+00  6.01449563e+02]
 [ 1.84300241e-04  1.37774078e-03 -5.54960534e-01]
 [-1.40315559e-05  2.20727994e-04 -4.19753380e-02]]
2025-01-23 22:28:59,475 - DEBUG - Mask: [[1]
 [1]
 [1]
 [1]
 [0]
 [1]
 [1]
 [0]
 [1]
 [0]
 [0]
 [0]]
2025-01-23 22:28:59,476 - DEBUG - Feature 0: mask=[1], p1=[582. 296.], pp2=[609.67442182 277.64169925], distance=33.209950761571704
2025-01-23 22:28:59,476 - DEBUG - Feature 1: mask=[1], p1=[402. 301.], pp2=[463.71365973 293.17958931], distance=62.207191071600654
2025-01-23 22:28:59,476 - DEBUG - Feature 2: mask=[1], p1=[272. 314.], pp2=[263.093048   313.49316104], distance=8.921360860516806
2025-01-23 22:28:59,477 - DEBUG - Feature 3: mask=[1], p1=[1440.  467.], pp2=[1440.87634696  470.92104278], distance=4.017780545632996
2025-01-23 22:28:59,477 - DEBUG - Feature 4: mask=[0], p1=[965. 296.], pp2=[725.67263091 256.9106158 ], distance=242.49859700649822
2025-01-23 22:28:59,477 - DEBUG - Feature 5: mask=[1], p1=[666. 265.], pp2=[608.55324991 273.3356156 ], distance=58.04835556487988
2025-01-23 22:28:59,477 - DEBUG - Feature 6: mask=[1], p1=[392. 283.], pp2=[369.77977771 300.45163505], distance=28.25416508540184
2025-01-23 22:28:59,478 - DEBUG - Feature 7: mask=[0], p1=[1583.  319.], pp2=[202.31824231 157.95350902], distance=1390.0424771475803
2025-01-23 22:28:59,478 - DEBUG - Feature 8: mask=[1], p1=[729. 606.], pp2=[727.30948778 602.97635387], distance=3.464140219379873
2025-01-23 22:28:59,478 - DEBUG - Feature 9: mask=[0], p1=[169. 696.], pp2=[1587.08471349  376.27784794], distance=1453.6803325148476
2025-01-23 22:28:59,479 - DEBUG - Feature 10: mask=[0], p1=[1804.  672.], pp2=[1872.24266692  116.97600502], distance=559.2036271278014
2025-01-23 22:28:59,479 - DEBUG - Feature 11: mask=[0], p1=[885. 824.], pp2=[6839.08044925 -932.7326178 ], distance=6207.832430610033
2025-01-23 22:28:59,479 - DEBUG - Unnoted Feature 0: symbol=143, pp2=[-3727.47610887   603.01541137]
2025-01-23 22:28:59,479 - DEBUG - Unnoted Feature 1: symbol=147, pp2=[3092.21865569  148.70785515]
2025-01-23 22:28:59,479 - DEBUG - Unnoted Feature 10: symbol=193, pp2=[2899.30537961  335.82857743]
2025-01-23 22:28:59,479 - DEBUG - Unnoted Feature 11: symbol=195, pp2=[2318.04277251  390.89806889]
2025-01-23 22:28:59,480 - DEBUG - Unnoted Feature 13: symbol=257, pp2=[1581.3374515   210.32249652]
2025-01-23 22:28:59,480 - DEBUG - Unnoted Feature 14: symbol=260, pp2=[1460.67715431  217.75234337]
2025-01-23 22:28:59,480 - DEBUG - Unnoted Feature 15: symbol=261, pp2=[2459.5418826  161.3269926]
2025-01-23 22:28:59,480 - DEBUG - Unnoted Feature 16: symbol=272, pp2=[1500.35417172  239.92791727]
2025-01-23 22:28:59,480 - DEBUG - Unnoted Feature 19: symbol=311, pp2=[1893.1203454   114.38761468]
2025-01-23 22:28:59,480 - DEBUG - Unnoted Feature 20: symbol=312, pp2=[1711.29465412  156.19053272]
2025-01-23 22:28:59,480 - DEBUG - Unnoted Feature 21: symbol=315, pp2=[1672.89801065  163.27601917]
2025-01-23 22:28:59,480 - DEBUG - Unnoted Feature 22: symbol=316, pp2=[1645.75558009  173.57694809]
2025-01-23 22:28:59,481 - DEBUG - Unnoted Feature 24: symbol=341, pp2=[6354.00322489 -499.45748039]
2025-01-23 22:28:59,481 - DEBUG - Unnoted Feature 25: symbol=404, pp2=[939.32232631 305.10598171]
2025-01-23 22:28:59,481 - DEBUG - Unnoted Feature 26: symbol=G, pp2=[-5057.65851228    32.41947292]
2025-01-23 22:28:59,481 - DEBUG - Unnoted Feature 27: symbol=T, pp2=[-413.81513087  183.28527061]
2025-01-23 22:28:59,482 - DEBUG - Homography Matrix M: [[-1.39943116e+00 -1.11465304e+01  3.22412853e+03]
 [ 7.42252467e-04  6.67793901e-03 -2.53358314e+00]
 [-5.93463706e-05  6.87347234e-04 -1.10642639e-01]]
2025-01-23 22:28:59,482 - DEBUG - Mask: [[1]
 [1]
 [1]
 [1]
 [0]
 [1]
 [1]
 [0]
 [1]
 [0]
 [0]
 [0]]
2025-01-23 22:28:59,483 - DEBUG - Feature 0: mask=[1], p1=[582. 296.], pp2=[606.70266304 279.14299689], distance=29.906188576426395
2025-01-23 22:28:59,483 - DEBUG - Feature 1: mask=[1], p1=[402. 301.], pp2=[457.79180843 293.33407231], distance=56.3160042598733
2025-01-23 22:28:59,483 - DEBUG - Feature 2: mask=[1], p1=[272. 314.], pp2=[261.11578406 311.32905716], distance=11.207144692195238
2025-01-23 22:28:59,484 - DEBUG - Feature 3: mask=[1], p1=[1440.  467.], pp2=[1440.75170994  470.26914108], distance=3.3544524547186283
2025-01-23 22:28:59,484 - DEBUG - Feature 4: mask=[0], p1=[965. 296.], pp2=[745.16449314 259.52389479], distance=222.84110107247747
2025-01-23 22:28:59,484 - DEBUG - Feature 5: mask=[1], p1=[666. 265.], pp2=[616.85587334 274.82014355], distance=50.115670249243
2025-01-23 22:28:59,484 - DEBUG - Feature 6: mask=[1], p1=[392. 283.], pp2=[372.01340047 299.49618976], distance=25.915023389133957
2025-01-23 22:28:59,485 - DEBUG - Feature 7: mask=[0], p1=[1583.  319.], pp2=[394.12717004 186.57545684], distance=1196.225256987419
2025-01-23 22:28:59,485 - DEBUG - Feature 8: mask=[1], p1=[729. 606.], pp2=[727.75197545 603.51160291], distance=2.783825666437908
2025-01-23 22:28:59,485 - DEBUG - Feature 9: mask=[0], p1=[169. 696.], pp2=[2141.49714065  347.4348195 ], distance=2003.0583253967538
2025-01-23 22:28:59,486 - DEBUG - Feature 10: mask=[0], p1=[1804.  672.], pp2=[2073.33064641  117.02420251], distance=616.8769187617792
2025-01-23 22:28:59,486 - DEBUG - Feature 11: mask=[0], p1=[885. 824.], pp2=[ 9266.78225853 -1111.00578461], distance=8602.239314028782
2025-01-23 22:28:59,486 - DEBUG - Unnoted Feature 0: symbol=143, pp2=[-2172.27046795   480.9897255 ]
2025-01-23 22:28:59,486 - DEBUG - Unnoted Feature 1: symbol=147, pp2=[4716.15100329   51.692094  ]
2025-01-23 22:28:59,486 - DEBUG - Unnoted Feature 10: symbol=193, pp2=[5491.41775203  272.23981724]
2025-01-23 22:28:59,486 - DEBUG - Unnoted Feature 11: symbol=195, pp2=[3759.60724012  366.13110766]
2025-01-23 22:28:59,487 - DEBUG - Unnoted Feature 13: symbol=257, pp2=[1812.37502899  196.01378667]
2025-01-23 22:28:59,487 - DEBUG - Unnoted Feature 14: symbol=260, pp2=[1625.5123848   208.38339758]
2025-01-23 22:28:59,487 - DEBUG - Unnoted Feature 15: symbol=261, pp2=[3321.870516    105.04725963]
2025-01-23 22:28:59,487 - DEBUG - Unnoted Feature 16: symbol=272, pp2=[1720.23805001  223.60760482]
2025-01-23 22:28:59,487 - DEBUG - Unnoted Feature 19: symbol=311, pp2=[2128.86721557  111.15339843]
2025-01-23 22:28:59,487 - DEBUG - Unnoted Feature 20: symbol=312, pp2=[1883.40709967  153.98420977]
2025-01-23 22:28:59,487 - DEBUG - Unnoted Feature 21: symbol=315, pp2=[1841.21859165  160.5474127 ]
2025-01-23 22:28:59,488 - DEBUG - Unnoted Feature 22: symbol=316, pp2=[1806.48932934  170.18334943]
2025-01-23 22:28:59,488 - DEBUG - Unnoted Feature 24: symbol=341, pp2=[10438.66210262  -873.15150174]
2025-01-23 22:28:59,488 - DEBUG - Unnoted Feature 25: symbol=404, pp2=[1004.69046006  292.81658629]
2025-01-23 22:28:59,488 - DEBUG - Unnoted Feature 26: symbol=G, pp2=[-1948.59778567   262.36073162]
2025-01-23 22:28:59,488 - DEBUG - Unnoted Feature 27: symbol=T, pp2=[-151.94469123  225.27308382]
2025-01-23 22:28:59,489 - DEBUG - Homography Matrix M: [[-8.23739310e+00  5.05869658e+02 -1.45330744e+05]
 [ 1.23704455e-03 -1.29892382e-01  3.59315109e+01]
 [-4.36114130e-04  7.69686169e-03 -1.70146903e+00]]
2025-01-23 22:28:59,489 - DEBUG - Mask: [[1]
 [1]
 [1]
 [0]
 [1]
 [1]
 [1]
 [1]
 [0]
 [1]
 [0]
 [0]]
2025-01-23 22:28:59,489 - DEBUG - Feature 0: mask=[1], p1=[582. 296.], pp2=[614.45896135 291.13964498], distance=32.820835194479585
2025-01-23 22:28:59,490 - DEBUG - Feature 1: mask=[1], p1=[402. 301.], pp2=[429.66955395 289.1973863 ], distance=30.081653976967768
2025-01-23 22:28:59,490 - DEBUG - Feature 2: mask=[1], p1=[272. 314.], pp2=[235.30783561 287.30776174], distance=45.37389680399761
2025-01-23 22:28:59,490 - DEBUG - Feature 3: mask=[0], p1=[1440.  467.], pp2=[-47485.27875687  -1539.21138586], distance=48966.39445131531
2025-01-23 22:28:59,491 - DEBUG - Feature 4: mask=[1], p1=[965. 296.], pp2=[930.91689571 296.03539852], distance=34.083122672638275
2025-01-23 22:28:59,491 - DEBUG - Feature 5: mask=[1], p1=[666. 265.], pp2=[689.55660742 292.66615899], distance=36.33634690955883
2025-01-23 22:28:59,491 - DEBUG - Feature 6: mask=[1], p1=[392. 283.], pp2=[372.31701711 288.97276616], distance=20.56924284208551
2025-01-23 22:28:59,491 - DEBUG - Feature 7: mask=[1], p1=[1583.  319.], pp2=[1584.06657583  320.8973187 ], distance=2.1765574331574604
2025-01-23 22:28:59,492 - DEBUG - Feature 8: mask=[0], p1=[729. 606.], pp2=[-5445.55201975    83.97851361], distance=6196.579627246207
2025-01-23 22:28:59,492 - DEBUG - Feature 9: mask=[1], p1=[169. 696.], pp2=[169.06185041 695.95514206], distance=0.07640489428940712
2025-01-23 22:28:59,492 - DEBUG - Feature 10: mask=[0], p1=[1804.  672.], pp2=[31380.15486607   695.2553685 ], distance=29576.164008772237
2025-01-23 22:28:59,493 - DEBUG - Feature 11: mask=[0], p1=[885. 824.], pp2=[-3533.92734459   213.50341489], distance=4460.89956815547
2025-01-23 22:28:59,493 - DEBUG - Unnoted Feature 0: symbol=143, pp2=[-486.81585998  285.02253915]
2025-01-23 22:28:59,493 - DEBUG - Unnoted Feature 1: symbol=147, pp2=[-1436.50442646   291.5267165 ]
2025-01-23 22:28:59,493 - DEBUG - Unnoted Feature 10: symbol=193, pp2=[-162.27404026  327.69030718]
2025-01-23 22:28:59,493 - DEBUG - Unnoted Feature 11: symbol=195, pp2=[386.86127808 358.69662146]
2025-01-23 22:28:59,493 - DEBUG - Unnoted Feature 13: symbol=257, pp2=[6998.01051724  320.70717716]
2025-01-23 22:28:59,493 - DEBUG - Unnoted Feature 14: symbol=260, pp2=[4033.33395727  307.27339164]
2025-01-23 22:28:59,494 - DEBUG - Unnoted Feature 15: symbol=261, pp2=[-2938.92778885   279.87487452]
2025-01-23 22:28:59,494 - DEBUG - Unnoted Feature 16: symbol=272, pp2=[4688.76462843  284.13120079]
2025-01-23 22:28:59,494 - DEBUG - Unnoted Feature 19: symbol=311, pp2=[51325.32742387   950.73845765]
2025-01-23 22:28:59,494 - DEBUG - Unnoted Feature 20: symbol=312, pp2=[10408.64517648   399.96420931]
2025-01-23 22:28:59,494 - DEBUG - Unnoted Feature 21: symbol=315, pp2=[8736.33605533  378.36127637]
2025-01-23 22:28:59,494 - DEBUG - Unnoted Feature 22: symbol=316, pp2=[7650.07725924  359.77300182]
2025-01-23 22:28:59,494 - DEBUG - Unnoted Feature 24: symbol=341, pp2=[-2014.2852419    252.94044273]
2025-01-23 22:28:59,495 - DEBUG - Unnoted Feature 25: symbol=404, pp2=[679.45253295 273.74102001]
2025-01-23 22:28:59,495 - DEBUG - Unnoted Feature 26: symbol=G, pp2=[234.59247856 310.30446435]
2025-01-23 22:28:59,495 - DEBUG - Unnoted Feature 27: symbol=T, pp2=[955.91845419 312.66718106]
2025-01-23 22:28:59,496 - DEBUG - Homography Matrix M: [[-2.81685985e+00  2.54114332e+02 -7.37943176e+04]
 [ 5.75499738e-05 -4.54260765e-02  1.22435889e+01]
 [-3.21594850e-04  5.38084967e-03 -1.11941038e+00]]
2025-01-23 22:28:59,496 - DEBUG - Mask: [[1]
 [1]
 [1]
 [0]
 [1]
 [1]
 [1]
 [1]
 [0]
 [1]
 [0]
 [0]]
2025-01-23 22:28:59,496 - DEBUG - Feature 0: mask=[1], p1=[582. 296.], pp2=[601.09306182 290.07158029], distance=19.99227775677384
2025-01-23 22:28:59,497 - DEBUG - Feature 1: mask=[1], p1=[402. 301.], pp2=[424.07812403 289.64608779], distance=24.826495585034476
2025-01-23 22:28:59,497 - DEBUG - Feature 2: mask=[1], p1=[272. 314.], pp2=[233.21184403 289.53898806], distance=45.85697491817094
2025-01-23 22:28:59,497 - DEBUG - Feature 3: mask=[0], p1=[1440.  467.], pp2=[4914.19249471  492.52843079], distance=3474.2862851361388
2025-01-23 22:28:59,497 - DEBUG - Feature 4: mask=[1], p1=[965. 296.], pp2=[930.40744382 293.74480798], distance=34.66598959194827
2025-01-23 22:28:59,498 - DEBUG - Feature 5: mask=[1], p1=[666. 265.], pp2=[698.04439175 291.62177369], distance=41.660075337622736
2025-01-23 22:28:59,498 - DEBUG - Feature 6: mask=[1], p1=[392. 283.], pp2=[386.65770669 290.22938416], distance=8.989109696342473
2025-01-23 22:28:59,498 - DEBUG - Feature 7: mask=[1], p1=[1583.  319.], pp2=[1584.10763556  323.04582408], distance=4.194704877557337
2025-01-23 22:28:59,499 - DEBUG - Feature 8: mask=[0], p1=[729. 606.], pp2=[39998.01708314  2324.39847067], distance=39306.59735948009
2025-01-23 22:28:59,499 - DEBUG - Feature 9: mask=[1], p1=[169. 696.], pp2=[169.11787346 695.85432621], distance=0.18738998384892647
2025-01-23 22:28:59,499 - DEBUG - Feature 10: mask=[0], p1=[1804.  672.], pp2=[10681.00773632   379.82651005], distance=8881.814662499813
2025-01-23 22:28:59,499 - DEBUG - Feature 11: mask=[0], p1=[885. 824.], pp2=[-5399.42220571   158.77626214], distance=6319.5320302217615
2025-01-23 22:28:59,500 - DEBUG - Unnoted Feature 0: symbol=143, pp2=[-470.1734911   299.90159291]
2025-01-23 22:28:59,500 - DEBUG - Unnoted Feature 1: symbol=147, pp2=[-1166.23345064   331.89290282]
2025-01-23 22:28:59,500 - DEBUG - Unnoted Feature 10: symbol=193, pp2=[ 24.75963426 373.79132066]
2025-01-23 22:28:59,500 - DEBUG - Unnoted Feature 11: symbol=195, pp2=[534.39853063 407.34746005]
2025-01-23 22:28:59,500 - DEBUG - Unnoted Feature 13: symbol=257, pp2=[5378.25981425  236.2957479 ]
2025-01-23 22:28:59,500 - DEBUG - Unnoted Feature 14: symbol=260, pp2=[3470.27212654  258.17083021]
2025-01-23 22:28:59,500 - DEBUG - Unnoted Feature 15: symbol=261, pp2=[-3157.35377637   345.51400232]
2025-01-23 22:28:59,501 - DEBUG - Unnoted Feature 16: symbol=272, pp2=[4231.81210782  195.68526635]
2025-01-23 22:28:59,501 - DEBUG - Unnoted Feature 19: symbol=311, pp2=[11481.53302793   380.29634533]
2025-01-23 22:28:59,501 - DEBUG - Unnoted Feature 20: symbol=312, pp2=[6718.66060064  315.67955411]
2025-01-23 22:28:59,501 - DEBUG - Unnoted Feature 21: symbol=315, pp2=[5978.95053896  307.5310567 ]
2025-01-23 22:28:59,501 - DEBUG - Unnoted Feature 22: symbol=316, pp2=[5611.62095006  295.0215128 ]
2025-01-23 22:28:59,501 - DEBUG - Unnoted Feature 24: symbol=341, pp2=[-1897.82236437   255.79617113]
2025-01-23 22:28:59,501 - DEBUG - Unnoted Feature 25: symbol=404, pp2=[681.52050526 247.74756743]
2025-01-23 22:28:59,502 - DEBUG - Unnoted Feature 26: symbol=G, pp2=[208.63747015 338.79156181]
2025-01-23 22:28:59,502 - DEBUG - Unnoted Feature 27: symbol=T, pp2=[1053.56469934  322.75725311]
2025-01-23 22:28:59,503 - DEBUG - Homography Matrix M: [[-9.49481888e-01 -7.68583525e+00  2.22399064e+03]
 [ 5.03652644e-04  4.42371913e-03 -1.68442204e+00]
 [-4.10169097e-05  4.73878717e-04 -7.68803869e-02]]
2025-01-23 22:28:59,503 - DEBUG - Mask: [[1]
 [1]
 [1]
 [1]
 [0]
 [1]
 [1]
 [0]
 [1]
 [0]
 [0]
 [0]]
2025-01-23 22:28:59,503 - DEBUG - Feature 0: mask=[1], p1=[582. 296.], pp2=[606.33268872 279.04452365], distance=29.65751032741969
2025-01-23 22:28:59,504 - DEBUG - Feature 1: mask=[1], p1=[402. 301.], pp2=[458.55656119 293.28211914], distance=57.08073491450197
2025-01-23 22:28:59,504 - DEBUG - Feature 2: mask=[1], p1=[272. 314.], pp2=[260.44348333 311.62892293], distance=11.797248999389668
2025-01-23 22:28:59,504 - DEBUG - Feature 3: mask=[1], p1=[1440.  467.], pp2=[1440.77573747  470.4029514 ], distance=3.490250259156711
2025-01-23 22:28:59,505 - DEBUG - Feature 4: mask=[0], p1=[965. 296.], pp2=[741.72485085 259.61177238], distance=226.2208994259483
2025-01-23 22:28:59,505 - DEBUG - Feature 5: mask=[1], p1=[666. 265.], pp2=[616.32330927 274.70011747], distance=50.61487806296518
2025-01-23 22:28:59,505 - DEBUG - Feature 6: mask=[1], p1=[392. 283.], pp2=[372.83487602 299.48242922], distance=25.2779043817044
2025-01-23 22:28:59,506 - DEBUG - Feature 7: mask=[0], p1=[1583.  319.], pp2=[400.93865581 188.86714275], distance=1189.2029187492544
2025-01-23 22:28:59,506 - DEBUG - Feature 8: mask=[1], p1=[729. 606.], pp2=[727.72294362 603.39458106], distance=2.9015652403748655
2025-01-23 22:28:59,506 - DEBUG - Feature 9: mask=[0], p1=[169. 696.], pp2=[2024.12916764  338.86995808], distance=1889.191915998701
2025-01-23 22:28:59,506 - DEBUG - Feature 10: mask=[0], p1=[1804.  672.], pp2=[1970.37747653  127.16511197], distance=569.6722916832474
2025-01-23 22:28:59,507 - DEBUG - Feature 11: mask=[0], p1=[885. 824.], pp2=[6858.45077537 -727.41280545], distance=6171.628298816059
2025-01-23 22:28:59,507 - DEBUG - Unnoted Feature 0: symbol=143, pp2=[-2492.62544827   507.75312892]
2025-01-23 22:28:59,507 - DEBUG - Unnoted Feature 1: symbol=147, pp2=[4102.00379335   81.63715976]
2025-01-23 22:28:59,507 - DEBUG - Unnoted Feature 10: symbol=193, pp2=[4644.01875667  266.7645043 ]
2025-01-23 22:28:59,507 - DEBUG - Unnoted Feature 11: symbol=195, pp2=[3382.0762596   350.69153547]
2025-01-23 22:28:59,507 - DEBUG - Unnoted Feature 13: symbol=257, pp2=[1735.96900676  199.66859122]
2025-01-23 22:28:59,507 - DEBUG - Unnoted Feature 14: symbol=260, pp2=[1569.45709296  210.96319408]
2025-01-23 22:28:59,508 - DEBUG - Unnoted Feature 15: symbol=261, pp2=[3008.73639917  121.94721579]
2025-01-23 22:28:59,508 - DEBUG - Unnoted Feature 16: symbol=272, pp2=[1654.57890925  225.27295296]
2025-01-23 22:28:59,508 - DEBUG - Unnoted Feature 19: symbol=311, pp2=[2015.92025433  122.20011445]
2025-01-23 22:28:59,508 - DEBUG - Unnoted Feature 20: symbol=312, pp2=[1803.49387614  160.64228102]
2025-01-23 22:28:59,508 - DEBUG - Unnoted Feature 21: symbol=315, pp2=[1765.42807281  166.64534165]
2025-01-23 22:28:59,508 - DEBUG - Unnoted Feature 22: symbol=316, pp2=[1735.31482849  175.4988012 ]
2025-01-23 22:28:59,508 - DEBUG - Unnoted Feature 24: symbol=341, pp2=[7779.57325434 -564.53225011]
2025-01-23 22:28:59,509 - DEBUG - Unnoted Feature 25: symbol=404, pp2=[992.17408167 291.47420351]
2025-01-23 22:28:59,509 - DEBUG - Unnoted Feature 26: symbol=G, pp2=[-2238.2427653    266.15861454]
2025-01-23 22:28:59,509 - DEBUG - Unnoted Feature 27: symbol=T, pp2=[-149.15953577  225.78254247]
2025-01-23 22:28:59,510 - DEBUG - Homography Matrix M: [[-8.07747483e+00  4.99237002e+02 -1.43499692e+05]
 [ 1.13870304e-03 -1.22933572e-01  3.39902655e+01]
 [-4.33090034e-04  7.58293822e-03 -1.67079326e+00]]
2025-01-23 22:28:59,510 - DEBUG - Mask: [[1]
 [1]
 [1]
 [0]
 [1]
 [1]
 [1]
 [1]
 [0]
 [1]
 [0]
 [0]]
2025-01-23 22:28:59,510 - DEBUG - Feature 0: mask=[1], p1=[582. 296.], pp2=[613.20631425 291.12709336], distance=31.58447828004464
2025-01-23 22:28:59,511 - DEBUG - Feature 1: mask=[1], p1=[402. 301.], pp2=[428.98943163 289.22979607], distance=29.444305399781435
2025-01-23 22:28:59,511 - DEBUG - Feature 2: mask=[1], p1=[272. 314.], pp2=[235.43629773 287.39109695], distance=45.220991202518384
2025-01-23 22:28:59,511 - DEBUG - Feature 3: mask=[0], p1=[1440.  467.], pp2=[382811.13446613  14759.60355561], distance=381638.8616485202
2025-01-23 22:28:59,511 - DEBUG - Feature 4: mask=[1], p1=[965. 296.], pp2=[931.41667095 296.02943261], distance=33.583341945897494
2025-01-23 22:28:59,512 - DEBUG - Feature 5: mask=[1], p1=[666. 265.], pp2=[689.99444779 292.68733364], distance=36.63771238726475
2025-01-23 22:28:59,512 - DEBUG - Feature 6: mask=[1], p1=[392. 283.], pp2=[373.30255135 289.05251091], distance=19.65267092394851
2025-01-23 22:28:59,512 - DEBUG - Feature 7: mask=[1], p1=[1583.  319.], pp2=[1584.03998983  320.79813108], distance=2.077222723237049
2025-01-23 22:28:59,513 - DEBUG - Feature 8: mask=[0], p1=[729. 606.], pp2=[-5720.83971178    74.28465095], distance=6471.719518029625
2025-01-23 22:28:59,513 - DEBUG - Feature 9: mask=[1], p1=[169. 696.], pp2=[169.06384574 695.95881926], distance=0.07597454652411917
2025-01-23 22:28:59,513 - DEBUG - Feature 10: mask=[0], p1=[1804.  672.], pp2=[36002.26669354   749.49549461], distance=34198.35449833974
2025-01-23 22:28:59,513 - DEBUG - Feature 11: mask=[0], p1=[885. 824.], pp2=[-3474.16361798   214.98207561], distance=4401.500912246783
2025-01-23 22:28:59,514 - DEBUG - Unnoted Feature 0: symbol=143, pp2=[-478.30231542  285.40203005]
2025-01-23 22:28:59,514 - DEBUG - Unnoted Feature 1: symbol=147, pp2=[-1384.22413163   292.50953508]
2025-01-23 22:28:59,514 - DEBUG - Unnoted Feature 10: symbol=193, pp2=[-143.31942264  328.15651666]
2025-01-23 22:28:59,514 - DEBUG - Unnoted Feature 11: symbol=195, pp2=[404.57188072 358.75196032]
2025-01-23 22:28:59,514 - DEBUG - Unnoted Feature 13: symbol=257, pp2=[7102.42542264  319.29783202]
2025-01-23 22:28:59,514 - DEBUG - Unnoted Feature 14: symbol=260, pp2=[4069.64400492  306.35796224]
2025-01-23 22:28:59,514 - DEBUG - Unnoted Feature 15: symbol=261, pp2=[-2874.13444086   281.26221729]
2025-01-23 22:28:59,515 - DEBUG - Unnoted Feature 16: symbol=272, pp2=[4745.75143124  282.31812805]
2025-01-23 22:28:59,515 - DEBUG - Unnoted Feature 19: symbol=311, pp2=[60874.01575685  1064.48165852]
2025-01-23 22:28:59,515 - DEBUG - Unnoted Feature 20: symbol=312, pp2=[10884.52458906   402.93588552]
2025-01-23 22:28:59,515 - DEBUG - Unnoted Feature 21: symbol=315, pp2=[9041.23048236  379.7021331 ]
2025-01-23 22:28:59,515 - DEBUG - Unnoted Feature 22: symbol=316, pp2=[7912.12156693  360.45228524]
2025-01-23 22:28:59,515 - DEBUG - Unnoted Feature 24: symbol=341, pp2=[-1936.87434823   254.56641539]
2025-01-23 22:28:59,515 - DEBUG - Unnoted Feature 25: symbol=404, pp2=[677.68582127 273.44644632]
2025-01-23 22:28:59,516 - DEBUG - Unnoted Feature 26: symbol=G, pp2=[232.97445221 310.63202648]
2025-01-23 22:28:59,516 - DEBUG - Unnoted Feature 27: symbol=T, pp2=[964.7342144  312.82987042]
2025-01-23 22:28:59,517 - DEBUG - Homography Matrix M: [[-2.76609657e+00  2.50548739e+02 -7.27880329e+04]
 [ 4.23599828e-05 -4.29175889e-02  1.15459579e+01]
 [-3.19725176e-04  5.29498276e-03 -1.09671898e+00]]
2025-01-23 22:28:59,517 - DEBUG - Mask: [[1]
 [1]
 [1]
 [0]
 [1]
 [1]
 [1]
 [1]
 [0]
 [1]
 [0]
 [0]]
2025-01-23 22:28:59,517 - DEBUG - Feature 0: mask=[1], p1=[582. 296.], pp2=[599.5454529  290.06282818], distance=18.52276779472965
2025-01-23 22:28:59,517 - DEBUG - Feature 1: mask=[1], p1=[402. 301.], pp2=[423.26183857 289.67462746], distance=24.090036162903274
2025-01-23 22:28:59,518 - DEBUG - Feature 2: mask=[1], p1=[272. 314.], pp2=[233.39226362 289.61140932], distance=45.6657493512727
2025-01-23 22:28:59,518 - DEBUG - Feature 3: mask=[0], p1=[1440.  467.], pp2=[4618.61457509  477.5069901 ], distance=3178.6319406016496
2025-01-23 22:28:59,518 - DEBUG - Feature 4: mask=[1], p1=[965. 296.], pp2=[930.93384103 293.76365032], distance=34.139485156950784
2025-01-23 22:28:59,518 - DEBUG - Feature 5: mask=[1], p1=[666. 265.], pp2=[698.57239354 291.65099466], distance=42.0860587036502
2025-01-23 22:28:59,519 - DEBUG - Feature 6: mask=[1], p1=[392. 283.], pp2=[387.89363248 290.30034874], distance=8.3759982055546
2025-01-23 22:28:59,519 - DEBUG - Feature 7: mask=[1], p1=[1583.  319.], pp2=[1584.06189521  322.92958788], distance=4.070538333036658
2025-01-23 22:28:59,519 - DEBUG - Feature 8: mask=[0], p1=[729. 606.], pp2=[30608.29963489  1845.18817326], distance=29904.98510282349
2025-01-23 22:28:59,520 - DEBUG - Feature 9: mask=[1], p1=[169. 696.], pp2=[169.11770792 695.86208912], distance=0.1813134450971272
2025-01-23 22:28:59,520 - DEBUG - Feature 10: mask=[0], p1=[1804.  672.], pp2=[11159.92403334   382.85177788], distance=9360.391082212194
2025-01-23 22:28:59,520 - DEBUG - Feature 11: mask=[0], p1=[885. 824.], pp2=[-5272.089254     161.00167772], distance=6192.682363652881
2025-01-23 22:28:59,520 - DEBUG - Unnoted Feature 0: symbol=143, pp2=[-459.72339767  300.23651605]
2025-01-23 22:28:59,520 - DEBUG - Unnoted Feature 1: symbol=147, pp2=[-1110.50354598   332.15813809]
2025-01-23 22:28:59,521 - DEBUG - Unnoted Feature 10: symbol=193, pp2=[ 42.62210015 373.90877596]
2025-01-23 22:28:59,521 - DEBUG - Unnoted Feature 11: symbol=195, pp2=[548.4587759  406.91635681]
2025-01-23 22:28:59,521 - DEBUG - Unnoted Feature 13: symbol=257, pp2=[5438.19693921  233.73102029]
2025-01-23 22:28:59,521 - DEBUG - Unnoted Feature 14: symbol=260, pp2=[3496.40780617  256.59153326]
2025-01-23 22:28:59,521 - DEBUG - Unnoted Feature 15: symbol=261, pp2=[-3069.21458779   346.03220683]
2025-01-23 22:28:59,521 - DEBUG - Unnoted Feature 16: symbol=272, pp2=[4283.59566426  191.84396136]
2025-01-23 22:28:59,521 - DEBUG - Unnoted Feature 19: symbol=311, pp2=[11860.7448874   382.1852609]
2025-01-23 22:28:59,522 - DEBUG - Unnoted Feature 20: symbol=312, pp2=[6917.74412733  315.1532676 ]
2025-01-23 22:28:59,522 - DEBUG - Unnoted Feature 21: symbol=315, pp2=[6120.83733176  306.73288903]
2025-01-23 22:28:59,522 - DEBUG - Unnoted Feature 22: symbol=316, pp2=[5758.11674467  293.66724132]
2025-01-23 22:28:59,522 - DEBUG - Unnoted Feature 24: symbol=341, pp2=[-1801.74780968   257.27324871]
2025-01-23 22:28:59,522 - DEBUG - Unnoted Feature 25: symbol=404, pp2=[679.43030202 247.11324539]
2025-01-23 22:28:59,522 - DEBUG - Unnoted Feature 26: symbol=G, pp2=[206.71488482 339.35673732]
2025-01-23 22:28:59,522 - DEBUG - Unnoted Feature 27: symbol=T, pp2=[1061.20547191  322.81352064]
2025-01-23 22:28:59,524 - DEBUG - Homography Matrix M: [[-4.68167533e-01 -3.84961103e+00  1.11455771e+03]
 [ 2.48460012e-04  2.12569052e-03 -8.12691824e-01]
 [-2.05848405e-05  2.37328631e-04 -3.88098814e-02]]
2025-01-23 22:28:59,524 - DEBUG - Mask: [[1]
 [1]
 [1]
 [1]
 [0]
 [1]
 [1]
 [0]
 [1]
 [0]
 [0]
 [0]]
